{
"contracts\\__oz__\\access\\Ownable.sol":{"l":{"28":231,"29":231,"30":231,"37":190,"44":190,"45":187,"56":0,"57":0,"65":0,"66":0,"67":0},"path":"C:\\Users\\l3p\\Code\\kingmaker\\protocol\\contracts\\__oz__\\access\\Ownable.sol","s":{"1":231,"2":231,"3":231,"4":190,"5":190,"6":0,"7":0,"8":0,"9":0,"10":0},"b":{"1":[187,3],"2":[0,0]},"f":{"1":231,"2":190,"3":190,"4":0,"5":0},"fnMap":{"1":{"name":"constructor","line":27,"loc":{"start":{"line":27,"column":1},"end":{"line":31,"column":1}}},"2":{"name":"owner","line":36,"loc":{"start":{"line":36,"column":1},"end":{"line":38,"column":1}}},"3":{"name":"onlyOwner","line":43,"loc":{"start":{"line":43,"column":1},"end":{"line":46,"column":1}}},"4":{"name":"renounceOwnership","line":55,"loc":{"start":{"line":55,"column":1},"end":{"line":58,"column":1}}},"5":{"name":"transferOwnership","line":64,"loc":{"start":{"line":64,"column":1},"end":{"line":68,"column":1}}}},"statementMap":{"1":{"start":{"line":28,"column":2},"end":{"line":28,"column":34}},"2":{"start":{"line":29,"column":2},"end":{"line":29,"column":19}},"3":{"start":{"line":30,"column":2},"end":{"line":30,"column":50}},"4":{"start":{"line":37,"column":2},"end":{"line":37,"column":15}},"5":{"start":{"line":44,"column":2},"end":{"line":44,"column":69}},"6":{"start":{"line":56,"column":2},"end":{"line":56,"column":47}},"7":{"start":{"line":57,"column":2},"end":{"line":57,"column":20}},"8":{"start":{"line":65,"column":2},"end":{"line":65,"column":74}},"9":{"start":{"line":66,"column":2},"end":{"line":66,"column":45}},"10":{"start":{"line":67,"column":2},"end":{"line":67,"column":18}}},"branchMap":{"1":{"line":44,"type":"if","locations":[{"start":{"line":44,"column":2},"end":{"line":44,"column":2}},{"start":{"line":44,"column":2},"end":{"line":44,"column":2}}]},"2":{"line":65,"type":"if","locations":[{"start":{"line":65,"column":2},"end":{"line":65,"column":2}},{"start":{"line":65,"column":2},"end":{"line":65,"column":2}}]}}},
"contracts\\__oz__\\math\\SafeMath.sol":{"l":{"15":0,"28":0,"40":0,"57":0,"69":0,"86":140,"100":273,"114":225,"128":225,"144":37,"165":78,"192":0,"218":0},"path":"C:\\Users\\l3p\\Code\\kingmaker\\protocol\\contracts\\__oz__\\math\\SafeMath.sol","s":{"1":140,"2":273,"3":225,"4":225,"5":37},"b":{},"f":{"1":0,"2":0,"3":0,"4":0,"5":0,"6":140,"7":273,"8":225,"9":225,"10":37,"11":78,"12":0,"13":0},"fnMap":{"1":{"name":"tryAdd","line":14,"loc":{"start":{"line":14,"column":1},"end":{"line":20,"column":1}}},"2":{"name":"trySub","line":27,"loc":{"start":{"line":27,"column":1},"end":{"line":32,"column":1}}},"3":{"name":"tryMul","line":39,"loc":{"start":{"line":39,"column":1},"end":{"line":49,"column":1}}},"4":{"name":"tryDiv","line":56,"loc":{"start":{"line":56,"column":1},"end":{"line":61,"column":1}}},"5":{"name":"tryMod","line":68,"loc":{"start":{"line":68,"column":1},"end":{"line":73,"column":1}}},"6":{"name":"add","line":85,"loc":{"start":{"line":85,"column":1},"end":{"line":87,"column":1}}},"7":{"name":"sub","line":99,"loc":{"start":{"line":99,"column":1},"end":{"line":101,"column":1}}},"8":{"name":"mul","line":113,"loc":{"start":{"line":113,"column":1},"end":{"line":115,"column":1}}},"9":{"name":"div","line":127,"loc":{"start":{"line":127,"column":1},"end":{"line":129,"column":1}}},"10":{"name":"mod","line":143,"loc":{"start":{"line":143,"column":1},"end":{"line":145,"column":1}}},"11":{"name":"sub","line":160,"loc":{"start":{"line":160,"column":1},"end":{"line":169,"column":1}}},"12":{"name":"div","line":187,"loc":{"start":{"line":187,"column":1},"end":{"line":196,"column":1}}},"13":{"name":"mod","line":213,"loc":{"start":{"line":213,"column":1},"end":{"line":222,"column":1}}}},"statementMap":{"1":{"start":{"line":86,"column":2},"end":{"line":86,"column":14}},"2":{"start":{"line":100,"column":2},"end":{"line":100,"column":14}},"3":{"start":{"line":114,"column":2},"end":{"line":114,"column":14}},"4":{"start":{"line":128,"column":2},"end":{"line":128,"column":14}},"5":{"start":{"line":144,"column":2},"end":{"line":144,"column":14}}},"branchMap":{}},
"contracts\\__oz__\\token\\ERC20\\ERC20.sol":{"l":{"52":528,"53":528,"60":0,"68":0,"85":0,"92":219,"99":309,"111":110,"112":110,"119":161,"130":85,"131":85,"152":0,"154":0,"155":0,"156":0,"158":0,"174":0,"175":0,"193":0,"194":0,"195":0,"197":0,"219":193,"220":193,"222":193,"224":193,"225":193,"226":191,"227":191,"229":191,"242":279,"244":279,"246":279,"247":279,"248":279,"263":83,"265":83,"267":83,"268":83,"269":81,"270":81,"272":81,"293":162,"294":162,"296":162,"297":162},"path":"C:\\Users\\l3p\\Code\\kingmaker\\protocol\\contracts\\__oz__\\token\\ERC20\\ERC20.sol","s":{"1":528,"2":528,"3":0,"4":0,"5":0,"6":219,"7":309,"8":110,"9":110,"10":161,"11":85,"12":85,"13":0,"14":0,"15":0,"16":0,"17":0,"18":0,"19":0,"20":0,"21":0,"22":0,"23":0,"24":193,"25":193,"26":193,"27":193,"28":193,"29":191,"30":191,"31":191,"32":279,"33":279,"34":279,"35":279,"36":279,"37":83,"38":83,"39":83,"40":83,"41":81,"42":81,"43":81,"44":162,"45":162,"46":162,"47":162},"b":{"1":[0,0],"2":[0,0],"3":[193,0],"4":[193,0],"5":[191,2],"6":[279,0],"7":[83,0],"8":[81,2],"9":[162,0],"10":[162,0]},"f":{"1":528,"2":0,"3":0,"4":0,"5":219,"6":309,"7":110,"8":161,"9":85,"10":0,"11":0,"12":0,"13":193,"14":279,"15":83,"16":162,"17":555},"fnMap":{"1":{"name":"constructor","line":51,"loc":{"start":{"line":51,"column":1},"end":{"line":54,"column":1}}},"2":{"name":"name","line":59,"loc":{"start":{"line":59,"column":1},"end":{"line":61,"column":1}}},"3":{"name":"symbol","line":67,"loc":{"start":{"line":67,"column":1},"end":{"line":69,"column":1}}},"4":{"name":"decimals","line":84,"loc":{"start":{"line":84,"column":1},"end":{"line":86,"column":1}}},"5":{"name":"totalSupply","line":91,"loc":{"start":{"line":91,"column":1},"end":{"line":93,"column":1}}},"6":{"name":"balanceOf","line":98,"loc":{"start":{"line":98,"column":1},"end":{"line":100,"column":1}}},"7":{"name":"transfer","line":110,"loc":{"start":{"line":110,"column":1},"end":{"line":113,"column":1}}},"8":{"name":"allowance","line":118,"loc":{"start":{"line":118,"column":1},"end":{"line":120,"column":1}}},"9":{"name":"approve","line":129,"loc":{"start":{"line":129,"column":1},"end":{"line":132,"column":1}}},"10":{"name":"transferFrom","line":147,"loc":{"start":{"line":147,"column":1},"end":{"line":159,"column":1}}},"11":{"name":"increaseAllowance","line":173,"loc":{"start":{"line":173,"column":1},"end":{"line":176,"column":1}}},"12":{"name":"decreaseAllowance","line":192,"loc":{"start":{"line":192,"column":1},"end":{"line":198,"column":1}}},"13":{"name":"_transfer","line":214,"loc":{"start":{"line":214,"column":1},"end":{"line":230,"column":1}}},"14":{"name":"_mint","line":241,"loc":{"start":{"line":241,"column":1},"end":{"line":249,"column":1}}},"15":{"name":"_burn","line":262,"loc":{"start":{"line":262,"column":1},"end":{"line":273,"column":1}}},"16":{"name":"_approve","line":288,"loc":{"start":{"line":288,"column":1},"end":{"line":298,"column":1}}},"17":{"name":"_beforeTokenTransfer","line":314,"loc":{"start":{"line":314,"column":1},"end":{"line":318,"column":21}}}},"statementMap":{"1":{"start":{"line":52,"column":2},"end":{"line":52,"column":14}},"2":{"start":{"line":53,"column":2},"end":{"line":53,"column":18}},"3":{"start":{"line":60,"column":2},"end":{"line":60,"column":14}},"4":{"start":{"line":68,"column":2},"end":{"line":68,"column":16}},"5":{"start":{"line":85,"column":2},"end":{"line":85,"column":11}},"6":{"start":{"line":92,"column":2},"end":{"line":92,"column":21}},"7":{"start":{"line":99,"column":2},"end":{"line":99,"column":27}},"8":{"start":{"line":111,"column":2},"end":{"line":111,"column":43}},"9":{"start":{"line":112,"column":2},"end":{"line":112,"column":13}},"10":{"start":{"line":119,"column":2},"end":{"line":119,"column":36}},"11":{"start":{"line":130,"column":2},"end":{"line":130,"column":40}},"12":{"start":{"line":131,"column":2},"end":{"line":131,"column":13}},"13":{"start":{"line":152,"column":2},"end":{"line":152,"column":37}},"14":{"start":{"line":154,"column":2},"end":{"line":154,"column":62}},"15":{"start":{"line":155,"column":2},"end":{"line":155,"column":80}},"16":{"start":{"line":156,"column":2},"end":{"line":156,"column":58}},"17":{"start":{"line":158,"column":2},"end":{"line":158,"column":13}},"18":{"start":{"line":174,"column":2},"end":{"line":174,"column":81}},"19":{"start":{"line":175,"column":2},"end":{"line":175,"column":13}},"20":{"start":{"line":193,"column":2},"end":{"line":193,"column":63}},"21":{"start":{"line":194,"column":2},"end":{"line":194,"column":86}},"22":{"start":{"line":195,"column":2},"end":{"line":195,"column":68}},"23":{"start":{"line":197,"column":2},"end":{"line":197,"column":13}},"24":{"start":{"line":219,"column":2},"end":{"line":219,"column":71}},"25":{"start":{"line":220,"column":2},"end":{"line":220,"column":72}},"26":{"start":{"line":222,"column":2},"end":{"line":222,"column":48}},"27":{"start":{"line":224,"column":2},"end":{"line":224,"column":43}},"28":{"start":{"line":225,"column":2},"end":{"line":225,"column":75}},"29":{"start":{"line":226,"column":2},"end":{"line":226,"column":43}},"30":{"start":{"line":227,"column":2},"end":{"line":227,"column":31}},"31":{"start":{"line":229,"column":2},"end":{"line":229,"column":42}},"32":{"start":{"line":242,"column":2},"end":{"line":242,"column":66}},"33":{"start":{"line":244,"column":2},"end":{"line":244,"column":50}},"34":{"start":{"line":246,"column":2},"end":{"line":246,"column":23}},"35":{"start":{"line":247,"column":2},"end":{"line":247,"column":29}},"36":{"start":{"line":248,"column":2},"end":{"line":248,"column":44}},"37":{"start":{"line":263,"column":2},"end":{"line":263,"column":68}},"38":{"start":{"line":265,"column":2},"end":{"line":265,"column":50}},"39":{"start":{"line":267,"column":2},"end":{"line":267,"column":45}},"40":{"start":{"line":268,"column":2},"end":{"line":268,"column":72}},"41":{"start":{"line":269,"column":2},"end":{"line":269,"column":45}},"42":{"start":{"line":270,"column":2},"end":{"line":270,"column":23}},"43":{"start":{"line":272,"column":2},"end":{"line":272,"column":44}},"44":{"start":{"line":293,"column":2},"end":{"line":293,"column":69}},"45":{"start":{"line":294,"column":2},"end":{"line":294,"column":69}},"46":{"start":{"line":296,"column":2},"end":{"line":296,"column":37}},"47":{"start":{"line":297,"column":2},"end":{"line":297,"column":39}}},"branchMap":{"1":{"line":155,"type":"if","locations":[{"start":{"line":155,"column":2},"end":{"line":155,"column":2}},{"start":{"line":155,"column":2},"end":{"line":155,"column":2}}]},"2":{"line":194,"type":"if","locations":[{"start":{"line":194,"column":2},"end":{"line":194,"column":2}},{"start":{"line":194,"column":2},"end":{"line":194,"column":2}}]},"3":{"line":219,"type":"if","locations":[{"start":{"line":219,"column":2},"end":{"line":219,"column":2}},{"start":{"line":219,"column":2},"end":{"line":219,"column":2}}]},"4":{"line":220,"type":"if","locations":[{"start":{"line":220,"column":2},"end":{"line":220,"column":2}},{"start":{"line":220,"column":2},"end":{"line":220,"column":2}}]},"5":{"line":225,"type":"if","locations":[{"start":{"line":225,"column":2},"end":{"line":225,"column":2}},{"start":{"line":225,"column":2},"end":{"line":225,"column":2}}]},"6":{"line":242,"type":"if","locations":[{"start":{"line":242,"column":2},"end":{"line":242,"column":2}},{"start":{"line":242,"column":2},"end":{"line":242,"column":2}}]},"7":{"line":263,"type":"if","locations":[{"start":{"line":263,"column":2},"end":{"line":263,"column":2}},{"start":{"line":263,"column":2},"end":{"line":263,"column":2}}]},"8":{"line":268,"type":"if","locations":[{"start":{"line":268,"column":2},"end":{"line":268,"column":2}},{"start":{"line":268,"column":2},"end":{"line":268,"column":2}}]},"9":{"line":293,"type":"if","locations":[{"start":{"line":293,"column":2},"end":{"line":293,"column":2}},{"start":{"line":293,"column":2},"end":{"line":293,"column":2}}]},"10":{"line":294,"type":"if","locations":[{"start":{"line":294,"column":2},"end":{"line":294,"column":2}},{"start":{"line":294,"column":2},"end":{"line":294,"column":2}}]}}},
"contracts\\__oz__\\token\\ERC20\\IERC20.sol":{"l":{},"path":"C:\\Users\\l3p\\Code\\kingmaker\\protocol\\contracts\\__oz__\\token\\ERC20\\IERC20.sol","s":{},"b":{},"f":{},"fnMap":{},"statementMap":{},"branchMap":{}},
"contracts\\__oz__\\utils\\Context.sol":{"l":{"17":854,"21":0,"22":0},"path":"C:\\Users\\l3p\\Code\\kingmaker\\protocol\\contracts\\__oz__\\utils\\Context.sol","s":{"1":854,"2":0},"b":{},"f":{"1":854,"2":0},"fnMap":{"1":{"name":"_msgSender","line":16,"loc":{"start":{"line":16,"column":1},"end":{"line":18,"column":1}}},"2":{"name":"_msgData","line":20,"loc":{"start":{"line":20,"column":1},"end":{"line":23,"column":1}}}},"statementMap":{"1":{"start":{"line":17,"column":2},"end":{"line":17,"column":19}},"2":{"start":{"line":22,"column":2},"end":{"line":22,"column":17}}},"branchMap":{}},
"contracts\\__oz__\\utils\\Pausable.sol":{"l":{"33":96,"40":21,"51":15,"52":15,"63":0,"64":0,"75":1,"76":1,"87":0,"88":0},"path":"C:\\Users\\l3p\\Code\\kingmaker\\protocol\\contracts\\__oz__\\utils\\Pausable.sol","s":{"1":96,"2":21,"3":15,"4":0,"5":1,"6":1,"7":0,"8":0},"b":{"1":[15,0],"2":[0,0]},"f":{"1":96,"2":21,"3":15,"4":0,"5":1,"6":0},"fnMap":{"1":{"name":"constructor","line":32,"loc":{"start":{"line":32,"column":1},"end":{"line":34,"column":1}}},"2":{"name":"paused","line":39,"loc":{"start":{"line":39,"column":1},"end":{"line":41,"column":1}}},"3":{"name":"whenNotPaused","line":50,"loc":{"start":{"line":50,"column":1},"end":{"line":53,"column":1}}},"4":{"name":"whenPaused","line":62,"loc":{"start":{"line":62,"column":1},"end":{"line":65,"column":1}}},"5":{"name":"_pause","line":74,"loc":{"start":{"line":74,"column":1},"end":{"line":77,"column":1}}},"6":{"name":"_unpause","line":86,"loc":{"start":{"line":86,"column":1},"end":{"line":89,"column":1}}}},"statementMap":{"1":{"start":{"line":33,"column":2},"end":{"line":33,"column":16}},"2":{"start":{"line":40,"column":2},"end":{"line":40,"column":16}},"3":{"start":{"line":51,"column":2},"end":{"line":51,"column":39}},"4":{"start":{"line":63,"column":2},"end":{"line":63,"column":42}},"5":{"start":{"line":75,"column":2},"end":{"line":75,"column":15}},"6":{"start":{"line":76,"column":2},"end":{"line":76,"column":27}},"7":{"start":{"line":87,"column":2},"end":{"line":87,"column":16}},"8":{"start":{"line":88,"column":2},"end":{"line":88,"column":29}}},"branchMap":{"1":{"line":51,"type":"if","locations":[{"start":{"line":51,"column":2},"end":{"line":51,"column":2}},{"start":{"line":51,"column":2},"end":{"line":51,"column":2}}]},"2":{"line":63,"type":"if","locations":[{"start":{"line":63,"column":2},"end":{"line":63,"column":2}},{"start":{"line":63,"column":2},"end":{"line":63,"column":2}}]}}},
"contracts\\__oz__\\utils\\ReentrancyGuard.sol":{"l":{"39":336,"51":238,"54":238,"56":238,"60":234},"path":"C:\\Users\\l3p\\Code\\kingmaker\\protocol\\contracts\\__oz__\\utils\\ReentrancyGuard.sol","s":{"1":336,"2":238,"3":238,"4":234},"b":{"1":[238,0]},"f":{"1":336,"2":238},"fnMap":{"1":{"name":"constructor","line":38,"loc":{"start":{"line":38,"column":1},"end":{"line":40,"column":1}}},"2":{"name":"nonReentrant","line":49,"loc":{"start":{"line":49,"column":1},"end":{"line":61,"column":1}}}},"statementMap":{"1":{"start":{"line":39,"column":2},"end":{"line":39,"column":23}},"2":{"start":{"line":51,"column":2},"end":{"line":51,"column":64}},"3":{"start":{"line":54,"column":2},"end":{"line":54,"column":19}},"4":{"start":{"line":60,"column":2},"end":{"line":60,"column":23}}},"branchMap":{"1":{"line":51,"type":"if","locations":[{"start":{"line":51,"column":2},"end":{"line":51,"column":2}},{"start":{"line":51,"column":2},"end":{"line":51,"column":2}}]}}},
"contracts\\common\\invoke\\IInvocationHook.sol":{"l":{},"path":"C:\\Users\\l3p\\Code\\kingmaker\\protocol\\contracts\\common\\invoke\\IInvocationHook.sol","s":{},"b":{},"f":{},"fnMap":{},"statementMap":{},"branchMap":{}},
"contracts\\common\\invoke\\IInvokable.sol":{"l":{},"path":"C:\\Users\\l3p\\Code\\kingmaker\\protocol\\contracts\\common\\invoke\\IInvokable.sol","s":{},"b":{},"f":{},"fnMap":{},"statementMap":{},"branchMap":{}},
"contracts\\common\\invoke\\IInvoker.sol":{"l":{},"path":"C:\\Users\\l3p\\Code\\kingmaker\\protocol\\contracts\\common\\invoke\\IInvoker.sol","s":{},"b":{},"f":{},"fnMap":{},"statementMap":{},"branchMap":{}},
"contracts\\common\\invoke\\KingmakerInvokable.sol":{"l":{"35":20,"42":22,"46":66,"50":62,"54":62,"58":22,"62":20,"64":20,"65":20},"path":"C:\\Users\\l3p\\Code\\kingmaker\\protocol\\contracts\\common\\invoke\\KingmakerInvokable.sol","s":{"1":20,"2":22,"3":66,"4":62,"5":62,"6":22,"7":20,"8":20},"b":{"1":[20,0],"2":[20,0]},"f":{"1":96,"2":20,"3":22,"4":66,"5":62,"6":62,"7":22,"8":20},"fnMap":{"1":{"name":"constructor","line":32,"loc":{"start":{"line":32,"column":1},"end":{"line":32,"column":43}}},"2":{"name":"repay","line":34,"loc":{"start":{"line":34,"column":1},"end":{"line":39,"column":1}}},"3":{"name":"currentSender","line":41,"loc":{"start":{"line":41,"column":1},"end":{"line":43,"column":1}}},"4":{"name":"currentTokenAddress","line":45,"loc":{"start":{"line":45,"column":1},"end":{"line":47,"column":1}}},"5":{"name":"currentTokenAmount","line":49,"loc":{"start":{"line":49,"column":1},"end":{"line":51,"column":1}}},"6":{"name":"currentRepaymentAmount","line":53,"loc":{"start":{"line":53,"column":1},"end":{"line":55,"column":1}}},"7":{"name":"isCurrentTokenEther","line":57,"loc":{"start":{"line":57,"column":1},"end":{"line":59,"column":1}}},"8":{"name":"repaymentSafeguard","line":61,"loc":{"start":{"line":61,"column":1},"end":{"line":66,"column":1}}}},"statementMap":{"1":{"start":{"line":35,"column":2},"end":{"line":35,"column":1082}},"2":{"start":{"line":42,"column":2},"end":{"line":42,"column":52}},"3":{"start":{"line":46,"column":2},"end":{"line":46,"column":58}},"4":{"start":{"line":50,"column":2},"end":{"line":50,"column":57}},"5":{"start":{"line":54,"column":2},"end":{"line":54,"column":61}},"6":{"start":{"line":58,"column":2},"end":{"line":58,"column":44}},"7":{"start":{"line":62,"column":2},"end":{"line":62,"column":115}},"8":{"start":{"line":64,"column":2},"end":{"line":64,"column":93}}},"branchMap":{"1":{"line":35,"type":"if","locations":[{"start":{"line":35,"column":2},"end":{"line":35,"column":2}},{"start":{"line":35,"column":2},"end":{"line":35,"column":2}}]},"2":{"line":64,"type":"if","locations":[{"start":{"line":64,"column":2},"end":{"line":64,"column":2}},{"start":{"line":64,"column":2},"end":{"line":64,"column":2}}]}}},
"contracts\\common\\utils\\BalanceCarrier.sol":{"l":{"29":231,"37":58,"38":46,"39":46,"41":12,"46":27,"47":27,"49":0},"path":"C:\\Users\\l3p\\Code\\kingmaker\\protocol\\contracts\\common\\utils\\BalanceCarrier.sol","s":{"1":231,"2":58,"3":46,"4":46,"5":12,"6":27,"7":27,"8":0},"b":{"1":[46,12],"2":[27,0]},"f":{"1":231,"2":58,"3":27},"fnMap":{"1":{"name":"constructor","line":28,"loc":{"start":{"line":28,"column":1},"end":{"line":30,"column":1}}},"2":{"name":"transfer","line":32,"loc":{"start":{"line":32,"column":1},"end":{"line":43,"column":1}}},"3":{"name":"balanceOf","line":45,"loc":{"start":{"line":45,"column":1},"end":{"line":51,"column":1}}}},"statementMap":{"1":{"start":{"line":29,"column":2},"end":{"line":29,"column":35}},"2":{"start":{"line":37,"column":2},"end":{"line":37,"column":1061}},"3":{"start":{"line":38,"column":3},"end":{"line":38,"column":30}},"4":{"start":{"line":39,"column":3},"end":{"line":39,"column":14}},"5":{"start":{"line":41,"column":3},"end":{"line":41,"column":51}},"6":{"start":{"line":46,"column":2},"end":{"line":46,"column":1300}},"7":{"start":{"line":47,"column":3},"end":{"line":47,"column":31}},"8":{"start":{"line":49,"column":3},"end":{"line":49,"column":55}}},"branchMap":{"1":{"line":37,"type":"if","locations":[{"start":{"line":37,"column":2},"end":{"line":37,"column":2}},{"start":{"line":37,"column":2},"end":{"line":37,"column":2}}]},"2":{"line":46,"type":"if","locations":[{"start":{"line":46,"column":2},"end":{"line":46,"column":2}},{"start":{"line":46,"column":2},"end":{"line":46,"column":2}}]}}},
"contracts\\common\\utils\\ExtendedMath.sol":{"l":{"33":79,"34":79},"path":"C:\\Users\\l3p\\Code\\kingmaker\\protocol\\contracts\\common\\utils\\ExtendedMath.sol","s":{"1":79,"2":79},"b":{},"f":{"1":79},"fnMap":{"1":{"name":"divAndRound","line":28,"loc":{"start":{"line":28,"column":1},"end":{"line":35,"column":1}}}},"statementMap":{"1":{"start":{"line":33,"column":2},"end":{"line":33,"column":26}},"2":{"start":{"line":34,"column":2},"end":{"line":34,"column":58}}},"branchMap":{}},
"contracts\\common\\utils\\ExternalCaller.sol":{"l":{"24":93,"25":93,"33":93,"34":93},"path":"C:\\Users\\l3p\\Code\\kingmaker\\protocol\\contracts\\common\\utils\\ExternalCaller.sol","s":{"1":93,"2":93,"3":93,"4":93},"b":{"1":[93,0],"2":[93,0]},"f":{"1":93,"2":93},"fnMap":{"1":{"name":"externalTransfer","line":23,"loc":{"start":{"line":23,"column":1},"end":{"line":26,"column":1}}},"2":{"name":"externalCall","line":28,"loc":{"start":{"line":28,"column":1},"end":{"line":35,"column":1}}}},"statementMap":{"1":{"start":{"line":24,"column":2},"end":{"line":24,"column":87}},"2":{"start":{"line":25,"column":2},"end":{"line":25,"column":30}},"3":{"start":{"line":33,"column":2},"end":{"line":33,"column":76}},"4":{"start":{"line":34,"column":2},"end":{"line":34,"column":37}}},"branchMap":{"1":{"line":24,"type":"if","locations":[{"start":{"line":24,"column":2},"end":{"line":24,"column":2}},{"start":{"line":24,"column":2},"end":{"line":24,"column":2}}]},"2":{"line":34,"type":"if","locations":[{"start":{"line":34,"column":2},"end":{"line":34,"column":2}},{"start":{"line":34,"column":2},"end":{"line":34,"column":2}}]}}},
"contracts\\common\\utils\\IWETH9.sol":{"l":{},"path":"C:\\Users\\l3p\\Code\\kingmaker\\protocol\\contracts\\common\\utils\\IWETH9.sol","s":{},"b":{},"f":{},"fnMap":{},"statementMap":{},"branchMap":{}},
"contracts\\common\\utils\\WETHHandler.sol":{"l":{"28":45,"32":9,"33":9,"37":9,"38":9,"39":9},"path":"C:\\Users\\l3p\\Code\\kingmaker\\protocol\\contracts\\common\\utils\\WETHHandler.sol","s":{"1":45,"2":9,"3":9,"4":9,"5":9,"6":9},"b":{"1":[9,0],"2":[9,0]},"f":{"1":45,"2":9,"3":9},"fnMap":{"1":{"name":"constructor","line":27,"loc":{"start":{"line":27,"column":1},"end":{"line":29,"column":1}}},"2":{"name":"wrap","line":31,"loc":{"start":{"line":31,"column":1},"end":{"line":34,"column":1}}},"3":{"name":"unwrap","line":36,"loc":{"start":{"line":36,"column":1},"end":{"line":40,"column":1}}}},"statementMap":{"1":{"start":{"line":28,"column":2},"end":{"line":28,"column":27}},"2":{"start":{"line":32,"column":2},"end":{"line":32,"column":87}},"3":{"start":{"line":33,"column":2},"end":{"line":33,"column":53}},"4":{"start":{"line":37,"column":2},"end":{"line":37,"column":36}},"5":{"start":{"line":38,"column":2},"end":{"line":38,"column":94}},"6":{"start":{"line":39,"column":2},"end":{"line":39,"column":27}}},"branchMap":{"1":{"line":32,"type":"if","locations":[{"start":{"line":32,"column":2},"end":{"line":32,"column":2}},{"start":{"line":32,"column":2},"end":{"line":32,"column":2}}]},"2":{"line":38,"type":"if","locations":[{"start":{"line":38,"column":2},"end":{"line":38,"column":2}},{"start":{"line":38,"column":2},"end":{"line":38,"column":2}}]}}},
"contracts\\Greeter.sol":{"l":{"10":0,"11":0,"15":0,"19":0,"20":0},"path":"C:\\Users\\l3p\\Code\\kingmaker\\protocol\\contracts\\Greeter.sol","s":{"1":0,"2":0,"3":0,"4":0,"5":0},"b":{},"f":{"1":0,"2":0,"3":0},"fnMap":{"1":{"name":"constructor","line":9,"loc":{"start":{"line":9,"column":1},"end":{"line":12,"column":1}}},"2":{"name":"greet","line":14,"loc":{"start":{"line":14,"column":1},"end":{"line":16,"column":1}}},"3":{"name":"setGreeting","line":18,"loc":{"start":{"line":18,"column":1},"end":{"line":21,"column":1}}}},"statementMap":{"1":{"start":{"line":10,"column":2},"end":{"line":10,"column":61}},"2":{"start":{"line":11,"column":2},"end":{"line":11,"column":21}},"3":{"start":{"line":15,"column":2},"end":{"line":15,"column":17}},"4":{"start":{"line":19,"column":2},"end":{"line":19,"column":72}},"5":{"start":{"line":20,"column":2},"end":{"line":20,"column":21}}},"branchMap":{}},
"contracts\\Invoker.sol":{"l":{"64":9,"65":9,"67":9,"69":9,"71":9,"73":9,"77":9,"78":9,"82":9,"83":9,"84":9,"86":0,"91":9,"92":9,"93":9,"94":9,"96":9,"97":9,"99":9,"100":9,"102":9,"103":9,"104":9,"112":9,"113":9,"114":0,"119":9,"120":9,"125":9,"140":9,"141":9,"142":9,"143":9,"144":9,"145":9,"146":9,"148":9,"149":9,"150":12,"151":12,"152":12,"153":3,"155":9,"156":9,"157":9,"158":9,"159":9,"160":9,"161":9,"163":0,"164":0,"165":0,"166":0,"167":0,"170":9,"172":9,"173":9,"174":9,"176":9,"180":9,"181":9,"182":9,"183":9,"184":9,"185":9,"186":9,"187":9,"188":9,"189":9,"190":9,"191":9,"192":9,"193":9,"201":9,"205":27,"209":27,"213":27,"217":4,"219":3,"220":3,"222":3,"223":5,"224":5,"225":5,"226":2,"227":2,"228":2,"229":2,"231":3,"232":3,"233":3,"236":3,"238":2,"246":11,"250":11,"254":0,"258":0,"262":0,"266":0,"270":15,"274":0,"278":15,"282":15,"290":18,"298":15,"302":0,"306":15,"310":30,"314":12,"318":2,"319":1,"320":1,"321":2,"322":2,"324":1,"326":1,"331":0,"339":69,"340":69,"344":9,"345":9},"path":"C:\\Users\\l3p\\Code\\kingmaker\\protocol\\contracts\\Invoker.sol","s":{"1":9,"2":9,"3":9,"4":9,"5":9,"6":9,"7":9,"8":9,"9":9,"10":9,"11":0,"12":9,"13":9,"14":9,"15":9,"16":9,"17":9,"18":9,"19":9,"20":9,"21":9,"22":9,"23":9,"24":9,"25":0,"26":9,"27":9,"28":9,"29":9,"30":9,"31":9,"32":9,"33":9,"34":9,"35":9,"36":9,"37":9,"38":12,"39":12,"40":12,"41":9,"42":9,"43":9,"44":9,"45":9,"46":9,"47":0,"48":0,"49":0,"50":0,"51":0,"52":9,"53":9,"54":9,"55":9,"56":9,"57":9,"58":9,"59":9,"60":9,"61":9,"62":9,"63":9,"64":9,"65":9,"66":9,"67":9,"68":9,"69":27,"70":27,"71":27,"72":4,"73":3,"74":3,"75":3,"76":5,"77":5,"78":5,"79":2,"80":2,"81":2,"82":3,"83":3,"84":3,"85":3,"86":2,"87":11,"88":11,"89":0,"90":0,"91":0,"92":0,"93":15,"94":0,"95":15,"96":15,"97":18,"98":15,"99":0,"100":15,"101":30,"102":12,"103":2,"104":1,"105":1,"106":2,"107":2,"108":1,"109":1,"110":0,"111":69,"112":9},"b":{"1":[9,0],"2":[9,0],"3":[9,0],"4":[9,0],"5":[9,0],"6":[9,0],"7":[9,0],"8":[0,9],"9":[0,0],"10":[9,0],"11":[9,0],"12":[3,9],"13":[9,0],"14":[9,0],"15":[3,1],"16":[2,3],"17":[2,1],"18":[1,1],"19":[69,0],"20":[9,0]},"f":{"1":45,"2":9,"3":9,"4":9,"5":9,"6":9,"7":9,"8":9,"9":9,"10":27,"11":27,"12":27,"13":4,"14":11,"15":11,"16":0,"17":0,"18":0,"19":0,"20":15,"21":0,"22":15,"23":15,"24":18,"25":15,"26":0,"27":15,"28":30,"29":12,"30":2,"31":0,"32":69,"33":9,"34":18},"fnMap":{"1":{"name":"constructor","line":56,"loc":{"start":{"line":56,"column":1},"end":{"line":56,"column":43}}},"2":{"name":"invoke","line":63,"loc":{"start":{"line":58,"column":1},"end":{"line":74,"column":1}}},"3":{"name":"invokeNext","line":76,"loc":{"start":{"line":76,"column":1},"end":{"line":79,"column":1}}},"4":{"name":"invokeCallback","line":81,"loc":{"start":{"line":81,"column":1},"end":{"line":88,"column":1}}},"5":{"name":"invokeFinal","line":90,"loc":{"start":{"line":90,"column":1},"end":{"line":109,"column":1}}},"6":{"name":"disburseReward","line":111,"loc":{"start":{"line":111,"column":1},"end":{"line":126,"column":1}}},"7":{"name":"scheduleExecution","line":132,"loc":{"start":{"line":132,"column":1},"end":{"line":177,"column":1}}},"8":{"name":"cleanSchedule","line":179,"loc":{"start":{"line":179,"column":1},"end":{"line":194,"column":1}}},"9":{"name":"currentSender","line":200,"loc":{"start":{"line":200,"column":1},"end":{"line":202,"column":1}}},"10":{"name":"currentTokenAddress","line":204,"loc":{"start":{"line":204,"column":1},"end":{"line":206,"column":1}}},"11":{"name":"currentTokenAmount","line":208,"loc":{"start":{"line":208,"column":1},"end":{"line":210,"column":1}}},"12":{"name":"currentRepaymentAmount","line":212,"loc":{"start":{"line":212,"column":1},"end":{"line":214,"column":1}}},"13":{"name":"estimateRepaymentAmount","line":216,"loc":{"start":{"line":216,"column":1},"end":{"line":239,"column":1}}},"14":{"name":"calculatePoolReward","line":245,"loc":{"start":{"line":245,"column":1},"end":{"line":247,"column":1}}},"15":{"name":"calculatePlatformReward","line":249,"loc":{"start":{"line":249,"column":1},"end":{"line":251,"column":1}}},"16":{"name":"poolReward","line":253,"loc":{"start":{"line":253,"column":1},"end":{"line":255,"column":1}}},"17":{"name":"poolRewardAddress","line":257,"loc":{"start":{"line":257,"column":1},"end":{"line":259,"column":1}}},"18":{"name":"platformReward","line":261,"loc":{"start":{"line":261,"column":1},"end":{"line":263,"column":1}}},"19":{"name":"platformVaultAddress","line":265,"loc":{"start":{"line":265,"column":1},"end":{"line":267,"column":1}}},"20":{"name":"setPoolReward","line":269,"loc":{"start":{"line":269,"column":1},"end":{"line":271,"column":1}}},"21":{"name":"setPoolRewardAddress","line":273,"loc":{"start":{"line":273,"column":1},"end":{"line":275,"column":1}}},"22":{"name":"setPlatformReward","line":277,"loc":{"start":{"line":277,"column":1},"end":{"line":279,"column":1}}},"23":{"name":"setPlatformVaultAddress","line":281,"loc":{"start":{"line":281,"column":1},"end":{"line":283,"column":1}}},"24":{"name":"payableReserveAdjustment","line":289,"loc":{"start":{"line":289,"column":1},"end":{"line":291,"column":1}}},"25":{"name":"setLiquidityProxies","line":297,"loc":{"start":{"line":297,"column":1},"end":{"line":299,"column":1}}},"26":{"name":"liquidityProxies","line":301,"loc":{"start":{"line":301,"column":1},"end":{"line":303,"column":1}}},"27":{"name":"isTokenAddressRegistered","line":305,"loc":{"start":{"line":305,"column":1},"end":{"line":307,"column":1}}},"28":{"name":"liquidityProxy","line":309,"loc":{"start":{"line":309,"column":1},"end":{"line":311,"column":1}}},"29":{"name":"liquidityProxiesForToken","line":313,"loc":{"start":{"line":313,"column":1},"end":{"line":315,"column":1}}},"30":{"name":"totalLiquidity","line":317,"loc":{"start":{"line":317,"column":1},"end":{"line":327,"column":1}}},"31":{"name":"removeStuckTokens","line":330,"loc":{"start":{"line":330,"column":1},"end":{"line":332,"column":1}}},"32":{"name":"onlyFresh","line":338,"loc":{"start":{"line":338,"column":1},"end":{"line":341,"column":1}}},"33":{"name":"onlyScheduled","line":343,"loc":{"start":{"line":343,"column":1},"end":{"line":346,"column":1}}},"34":{"name":null,"line":348,"loc":{"start":{"line":348,"column":1},"end":{"line":348,"column":30}}}},"statementMap":{"1":{"start":{"line":64,"column":2},"end":{"line":64,"column":83}},"2":{"start":{"line":65,"column":2},"end":{"line":65,"column":75}},"3":{"start":{"line":67,"column":2},"end":{"line":67,"column":90}},"4":{"start":{"line":69,"column":2},"end":{"line":69,"column":13}},"5":{"start":{"line":71,"column":2},"end":{"line":71,"column":17}},"6":{"start":{"line":73,"column":2},"end":{"line":73,"column":16}},"7":{"start":{"line":77,"column":2},"end":{"line":77,"column":73}},"8":{"start":{"line":78,"column":2},"end":{"line":78,"column":75}},"9":{"start":{"line":83,"column":2},"end":{"line":83,"column":2795}},"10":{"start":{"line":84,"column":3},"end":{"line":84,"column":15}},"11":{"start":{"line":86,"column":3},"end":{"line":86,"column":14}},"12":{"start":{"line":91,"column":2},"end":{"line":91,"column":88}},"13":{"start":{"line":92,"column":2},"end":{"line":92,"column":95}},"14":{"start":{"line":93,"column":2},"end":{"line":93,"column":103}},"15":{"start":{"line":94,"column":2},"end":{"line":94,"column":110}},"16":{"start":{"line":96,"column":2},"end":{"line":96,"column":90}},"17":{"start":{"line":97,"column":2},"end":{"line":97,"column":112}},"18":{"start":{"line":99,"column":2},"end":{"line":99,"column":92}},"19":{"start":{"line":100,"column":2},"end":{"line":100,"column":113}},"20":{"start":{"line":102,"column":2},"end":{"line":102,"column":3766}},"21":{"start":{"line":103,"column":3},"end":{"line":103,"column":107}},"22":{"start":{"line":104,"column":3},"end":{"line":104,"column":3940}},"23":{"start":{"line":112,"column":2},"end":{"line":112,"column":114}},"24":{"start":{"line":113,"column":2},"end":{"line":113,"column":4245}},"25":{"start":{"line":114,"column":3},"end":{"line":114,"column":4279}},"26":{"start":{"line":119,"column":2},"end":{"line":119,"column":4444}},"27":{"start":{"line":120,"column":3},"end":{"line":120,"column":4483}},"28":{"start":{"line":125,"column":2},"end":{"line":125,"column":81}},"29":{"start":{"line":140,"column":2},"end":{"line":140,"column":37}},"30":{"start":{"line":141,"column":2},"end":{"line":141,"column":29}},"31":{"start":{"line":142,"column":2},"end":{"line":142,"column":35}},"32":{"start":{"line":143,"column":2},"end":{"line":143,"column":33}},"33":{"start":{"line":144,"column":2},"end":{"line":144,"column":37}},"34":{"start":{"line":145,"column":2},"end":{"line":145,"column":35}},"35":{"start":{"line":146,"column":2},"end":{"line":146,"column":84}},"36":{"start":{"line":148,"column":2},"end":{"line":148,"column":39}},"37":{"start":{"line":149,"column":2},"end":{"line":149,"column":5293}},"38":{"start":{"line":150,"column":3},"end":{"line":150,"column":61}},"39":{"start":{"line":151,"column":3},"end":{"line":151,"column":61}},"40":{"start":{"line":152,"column":3},"end":{"line":152,"column":5482}},"41":{"start":{"line":155,"column":3},"end":{"line":155,"column":5529}},"42":{"start":{"line":156,"column":4},"end":{"line":156,"column":86}},"43":{"start":{"line":157,"column":4},"end":{"line":157,"column":46}},"44":{"start":{"line":158,"column":4},"end":{"line":158,"column":47}},"45":{"start":{"line":159,"column":4},"end":{"line":159,"column":68}},"46":{"start":{"line":160,"column":4},"end":{"line":160,"column":22}},"47":{"start":{"line":163,"column":4},"end":{"line":163,"column":83}},"48":{"start":{"line":164,"column":4},"end":{"line":164,"column":43}},"49":{"start":{"line":165,"column":4},"end":{"line":165,"column":47}},"50":{"start":{"line":166,"column":4},"end":{"line":166,"column":68}},"51":{"start":{"line":167,"column":4},"end":{"line":167,"column":54}},"52":{"start":{"line":170,"column":2},"end":{"line":170,"column":63}},"53":{"start":{"line":172,"column":2},"end":{"line":172,"column":64}},"54":{"start":{"line":173,"column":2},"end":{"line":173,"column":72}},"55":{"start":{"line":174,"column":2},"end":{"line":174,"column":98}},"56":{"start":{"line":176,"column":2},"end":{"line":176,"column":18}},"57":{"start":{"line":180,"column":2},"end":{"line":180,"column":19}},"58":{"start":{"line":181,"column":2},"end":{"line":181,"column":30}},"59":{"start":{"line":182,"column":2},"end":{"line":182,"column":35}},"60":{"start":{"line":183,"column":2},"end":{"line":183,"column":31}},"61":{"start":{"line":184,"column":2},"end":{"line":184,"column":25}},"62":{"start":{"line":186,"column":2},"end":{"line":186,"column":19}},"63":{"start":{"line":187,"column":2},"end":{"line":187,"column":35}},"64":{"start":{"line":188,"column":2},"end":{"line":188,"column":25}},"65":{"start":{"line":190,"column":2},"end":{"line":190,"column":25}},"66":{"start":{"line":192,"column":2},"end":{"line":192,"column":24}},"67":{"start":{"line":193,"column":2},"end":{"line":193,"column":28}},"68":{"start":{"line":201,"column":2},"end":{"line":201,"column":30}},"69":{"start":{"line":205,"column":2},"end":{"line":205,"column":30}},"70":{"start":{"line":209,"column":2},"end":{"line":209,"column":29}},"71":{"start":{"line":213,"column":2},"end":{"line":213,"column":29}},"72":{"start":{"line":217,"column":2},"end":{"line":217,"column":83}},"73":{"start":{"line":219,"column":2},"end":{"line":219,"column":29}},"74":{"start":{"line":220,"column":2},"end":{"line":220,"column":39}},"75":{"start":{"line":222,"column":2},"end":{"line":222,"column":7734}},"76":{"start":{"line":223,"column":3},"end":{"line":223,"column":78}},"77":{"start":{"line":224,"column":3},"end":{"line":224,"column":61}},"78":{"start":{"line":225,"column":3},"end":{"line":225,"column":7952}},"79":{"start":{"line":226,"column":4},"end":{"line":226,"column":86}},"80":{"start":{"line":227,"column":4},"end":{"line":227,"column":58}},"81":{"start":{"line":228,"column":4},"end":{"line":228,"column":22}},"82":{"start":{"line":231,"column":4},"end":{"line":231,"column":83}},"83":{"start":{"line":232,"column":4},"end":{"line":232,"column":58}},"84":{"start":{"line":233,"column":4},"end":{"line":233,"column":54}},"85":{"start":{"line":236,"column":2},"end":{"line":236,"column":63}},"86":{"start":{"line":238,"column":2},"end":{"line":238,"column":104}},"87":{"start":{"line":246,"column":2},"end":{"line":246,"column":52}},"88":{"start":{"line":250,"column":2},"end":{"line":250,"column":56}},"89":{"start":{"line":254,"column":2},"end":{"line":254,"column":24}},"90":{"start":{"line":258,"column":2},"end":{"line":258,"column":43}},"91":{"start":{"line":262,"column":2},"end":{"line":262,"column":28}},"92":{"start":{"line":266,"column":2},"end":{"line":266,"column":30}},"93":{"start":{"line":270,"column":2},"end":{"line":270,"column":33}},"94":{"start":{"line":274,"column":2},"end":{"line":274,"column":51}},"95":{"start":{"line":278,"column":2},"end":{"line":278,"column":41}},"96":{"start":{"line":282,"column":2},"end":{"line":282,"column":37}},"97":{"start":{"line":290,"column":2},"end":{"line":290,"column":71}},"98":{"start":{"line":298,"column":2},"end":{"line":298,"column":51}},"99":{"start":{"line":302,"column":2},"end":{"line":302,"column":40}},"100":{"start":{"line":306,"column":2},"end":{"line":306,"column":51}},"101":{"start":{"line":310,"column":2},"end":{"line":310,"column":56}},"102":{"start":{"line":314,"column":2},"end":{"line":314,"column":56}},"103":{"start":{"line":318,"column":2},"end":{"line":318,"column":10933}},"104":{"start":{"line":319,"column":3},"end":{"line":319,"column":20}},"105":{"start":{"line":320,"column":3},"end":{"line":320,"column":11005}},"106":{"start":{"line":321,"column":4},"end":{"line":321,"column":79}},"107":{"start":{"line":322,"column":4},"end":{"line":322,"column":57}},"108":{"start":{"line":324,"column":3},"end":{"line":324,"column":15}},"109":{"start":{"line":326,"column":2},"end":{"line":326,"column":10}},"110":{"start":{"line":331,"column":2},"end":{"line":331,"column":62}},"111":{"start":{"line":339,"column":2},"end":{"line":339,"column":55}},"112":{"start":{"line":344,"column":2},"end":{"line":344,"column":46}}},"branchMap":{"1":{"line":64,"type":"if","locations":[{"start":{"line":64,"column":2},"end":{"line":64,"column":2}},{"start":{"line":64,"column":2},"end":{"line":64,"column":2}}]},"2":{"line":65,"type":"if","locations":[{"start":{"line":65,"column":2},"end":{"line":65,"column":2}},{"start":{"line":65,"column":2},"end":{"line":65,"column":2}}]},"3":{"line":83,"type":"if","locations":[{"start":{"line":83,"column":2},"end":{"line":83,"column":2}},{"start":{"line":83,"column":2},"end":{"line":83,"column":2}}]},"4":{"line":93,"type":"if","locations":[{"start":{"line":93,"column":2},"end":{"line":93,"column":2}},{"start":{"line":93,"column":2},"end":{"line":93,"column":2}}]},"5":{"line":94,"type":"if","locations":[{"start":{"line":94,"column":2},"end":{"line":94,"column":2}},{"start":{"line":94,"column":2},"end":{"line":94,"column":2}}]},"6":{"line":100,"type":"if","locations":[{"start":{"line":100,"column":2},"end":{"line":100,"column":2}},{"start":{"line":100,"column":2},"end":{"line":100,"column":2}}]},"7":{"line":104,"type":"if","locations":[{"start":{"line":104,"column":3},"end":{"line":104,"column":3}},{"start":{"line":104,"column":3},"end":{"line":104,"column":3}}]},"8":{"line":113,"type":"if","locations":[{"start":{"line":113,"column":2},"end":{"line":113,"column":2}},{"start":{"line":113,"column":2},"end":{"line":113,"column":2}}]},"9":{"line":114,"type":"if","locations":[{"start":{"line":114,"column":3},"end":{"line":114,"column":3}},{"start":{"line":114,"column":3},"end":{"line":114,"column":3}}]},"10":{"line":119,"type":"if","locations":[{"start":{"line":119,"column":2},"end":{"line":119,"column":2}},{"start":{"line":119,"column":2},"end":{"line":119,"column":2}}]},"11":{"line":120,"type":"if","locations":[{"start":{"line":120,"column":3},"end":{"line":120,"column":3}},{"start":{"line":120,"column":3},"end":{"line":120,"column":3}}]},"12":{"line":152,"type":"if","locations":[{"start":{"line":152,"column":3},"end":{"line":152,"column":3}},{"start":{"line":152,"column":3},"end":{"line":152,"column":3}}]},"13":{"line":155,"type":"if","locations":[{"start":{"line":155,"column":3},"end":{"line":155,"column":3}},{"start":{"line":155,"column":3},"end":{"line":155,"column":3}}]},"14":{"line":170,"type":"if","locations":[{"start":{"line":170,"column":2},"end":{"line":170,"column":2}},{"start":{"line":170,"column":2},"end":{"line":170,"column":2}}]},"15":{"line":217,"type":"if","locations":[{"start":{"line":217,"column":2},"end":{"line":217,"column":2}},{"start":{"line":217,"column":2},"end":{"line":217,"column":2}}]},"16":{"line":225,"type":"if","locations":[{"start":{"line":225,"column":3},"end":{"line":225,"column":3}},{"start":{"line":225,"column":3},"end":{"line":225,"column":3}}]},"17":{"line":236,"type":"if","locations":[{"start":{"line":236,"column":2},"end":{"line":236,"column":2}},{"start":{"line":236,"column":2},"end":{"line":236,"column":2}}]},"18":{"line":318,"type":"if","locations":[{"start":{"line":318,"column":2},"end":{"line":318,"column":2}},{"start":{"line":318,"column":2},"end":{"line":318,"column":2}}]},"19":{"line":339,"type":"if","locations":[{"start":{"line":339,"column":2},"end":{"line":339,"column":2}},{"start":{"line":339,"column":2},"end":{"line":339,"column":2}}]},"20":{"line":344,"type":"if","locations":[{"start":{"line":344,"column":2},"end":{"line":344,"column":2}},{"start":{"line":344,"column":2},"end":{"line":344,"column":2}}]}}},
"contracts\\liquidity\\aave\\AaveLiquidityProxy.sol":{"l":{"42":0,"46":0,"50":0,"52":0,"53":0,"56":0,"60":0,"62":0,"64":0,"65":0,"69":0,"71":0,"72":0,"74":0,"83":0,"85":0,"87":0,"88":0,"92":0,"93":0,"97":0},"path":"C:\\Users\\l3p\\Code\\kingmaker\\protocol\\contracts\\liquidity\\aave\\AaveLiquidityProxy.sol","s":{"1":0,"2":0,"3":0,"4":0,"5":0,"6":0,"7":0,"8":0,"9":0,"10":0,"11":0,"12":0,"13":0,"14":0,"15":0,"16":0,"17":0,"18":0,"19":0,"20":0,"21":0},"b":{"1":[0,0],"2":[0,0],"3":[0,0]},"f":{"1":0,"2":0,"3":0,"4":0,"5":0,"6":0,"7":0,"8":0,"9":0},"fnMap":{"1":{"name":"constructor","line":41,"loc":{"start":{"line":41,"column":1},"end":{"line":43,"column":1}}},"2":{"name":"getRepaymentAddress","line":45,"loc":{"start":{"line":45,"column":1},"end":{"line":47,"column":1}}},"3":{"name":"getTotalReserve","line":49,"loc":{"start":{"line":49,"column":1},"end":{"line":57,"column":1}}},"4":{"name":"getRepaymentAmount","line":59,"loc":{"start":{"line":59,"column":1},"end":{"line":66,"column":1}}},"5":{"name":"borrow","line":68,"loc":{"start":{"line":68,"column":1},"end":{"line":75,"column":1}}},"6":{"name":"executeOperation","line":77,"loc":{"start":{"line":77,"column":1},"end":{"line":89,"column":1}}},"7":{"name":"isRegistered","line":91,"loc":{"start":{"line":91,"column":1},"end":{"line":94,"column":1}}},"8":{"name":"remapTokenAddress","line":96,"loc":{"start":{"line":96,"column":1},"end":{"line":98,"column":1}}},"9":{"name":null,"line":100,"loc":{"start":{"line":100,"column":1},"end":{"line":100,"column":22}}}},"statementMap":{"1":{"start":{"line":42,"column":2},"end":{"line":42,"column":57}},"2":{"start":{"line":46,"column":2},"end":{"line":46,"column":57}},"3":{"start":{"line":50,"column":2},"end":{"line":50,"column":65}},"4":{"start":{"line":52,"column":2},"end":{"line":52,"column":1867}},"5":{"start":{"line":53,"column":3},"end":{"line":53,"column":90}},"6":{"start":{"line":56,"column":2},"end":{"line":56,"column":10}},"7":{"start":{"line":60,"column":2},"end":{"line":60,"column":2226}},"8":{"start":{"line":62,"column":2},"end":{"line":62,"column":73}},"9":{"start":{"line":64,"column":2},"end":{"line":64,"column":62}},"10":{"start":{"line":65,"column":2},"end":{"line":65,"column":35}},"11":{"start":{"line":69,"column":2},"end":{"line":69,"column":46}},"12":{"start":{"line":71,"column":2},"end":{"line":71,"column":87}},"13":{"start":{"line":72,"column":2},"end":{"line":72,"column":87}},"14":{"start":{"line":74,"column":2},"end":{"line":74,"column":46}},"15":{"start":{"line":83,"column":2},"end":{"line":83,"column":84}},"16":{"start":{"line":85,"column":2},"end":{"line":85,"column":112}},"17":{"start":{"line":87,"column":2},"end":{"line":87,"column":54}},"18":{"start":{"line":88,"column":2},"end":{"line":88,"column":25}},"19":{"start":{"line":92,"column":2},"end":{"line":92,"column":92}},"20":{"start":{"line":93,"column":2},"end":{"line":93,"column":65}},"21":{"start":{"line":97,"column":2},"end":{"line":97,"column":72}}},"branchMap":{"1":{"line":52,"type":"if","locations":[{"start":{"line":52,"column":2},"end":{"line":52,"column":2}},{"start":{"line":52,"column":2},"end":{"line":52,"column":2}}]},"2":{"line":83,"type":"if","locations":[{"start":{"line":83,"column":2},"end":{"line":83,"column":2}},{"start":{"line":83,"column":2},"end":{"line":83,"column":2}}]},"3":{"line":85,"type":"if","locations":[{"start":{"line":85,"column":2},"end":{"line":85,"column":2}},{"start":{"line":85,"column":2},"end":{"line":85,"column":2}}]}}},
"contracts\\liquidity\\aave\\ILendingPool.sol":{"l":{},"path":"C:\\Users\\l3p\\Code\\kingmaker\\protocol\\contracts\\liquidity\\aave\\ILendingPool.sol","s":{},"b":{},"f":{},"fnMap":{},"statementMap":{},"branchMap":{}},
"contracts\\liquidity\\aave\\ILendingPoolAddressesProvider.sol":{"l":{},"path":"C:\\Users\\l3p\\Code\\kingmaker\\protocol\\contracts\\liquidity\\aave\\ILendingPoolAddressesProvider.sol","s":{},"b":{},"f":{},"fnMap":{},"statementMap":{},"branchMap":{}},
"contracts\\liquidity\\aave\\ILendingPoolCore.sol":{"l":{},"path":"C:\\Users\\l3p\\Code\\kingmaker\\protocol\\contracts\\liquidity\\aave\\ILendingPoolCore.sol","s":{},"b":{},"f":{},"fnMap":{},"statementMap":{},"branchMap":{}},
"contracts\\liquidity\\aave\\ILendingPoolParametersProvider.sol":{"l":{},"path":"C:\\Users\\l3p\\Code\\kingmaker\\protocol\\contracts\\liquidity\\aave\\ILendingPoolParametersProvider.sol","s":{},"b":{},"f":{},"fnMap":{},"statementMap":{},"branchMap":{}},
"contracts\\liquidity\\dydx\\ICallee.sol":{"l":{},"path":"C:\\Users\\l3p\\Code\\kingmaker\\protocol\\contracts\\liquidity\\dydx\\ICallee.sol","s":{},"b":{},"f":{},"fnMap":{},"statementMap":{},"branchMap":{}},
"contracts\\liquidity\\dydx\\ISoloMargin.sol":{"l":{},"path":"C:\\Users\\l3p\\Code\\kingmaker\\protocol\\contracts\\liquidity\\dydx\\ISoloMargin.sol","s":{},"b":{},"f":{},"fnMap":{},"statementMap":{},"branchMap":{}},
"contracts\\liquidity\\dydx\\SoloLiquidityProxy.sol":{"l":{"60":45,"64":15,"65":15,"67":15,"68":15,"69":15,"70":15,"74":0,"76":0,"77":0,"78":0,"79":0,"83":9,"87":13,"88":10,"91":3,"95":9,"100":27,"104":9,"105":9,"106":9,"108":9,"109":9,"110":9,"111":9,"112":9,"113":9,"114":9,"116":9,"118":9,"119":9,"120":9,"128":9,"130":9,"131":9,"134":9,"139":9,"140":9,"142":9,"143":9,"148":9,"156":9,"179":9,"198":9,"212":13,"216":45,"220":25,"224":15,"228":13,"229":13},"path":"C:\\Users\\l3p\\Code\\kingmaker\\protocol\\contracts\\liquidity\\dydx\\SoloLiquidityProxy.sol","s":{"1":45,"2":15,"3":15,"4":15,"5":15,"6":15,"7":15,"8":0,"9":0,"10":0,"11":0,"12":0,"13":9,"14":13,"15":10,"16":3,"17":9,"18":27,"19":9,"20":9,"21":9,"22":9,"23":9,"24":9,"25":9,"26":9,"27":9,"28":9,"29":9,"30":9,"31":9,"32":9,"33":9,"34":9,"35":9,"36":9,"37":9,"38":9,"39":9,"40":9,"41":9,"42":9,"43":9,"44":9,"45":13,"46":45,"47":25,"48":15,"49":13,"50":13},"b":{"1":[15,0],"2":[10,3],"3":[9,0],"4":[9,0],"5":[9,0],"6":[9,0]},"f":{"1":45,"2":15,"3":0,"4":9,"5":13,"6":9,"7":27,"8":9,"9":9,"10":9,"11":9,"12":9,"13":9,"14":13,"15":45,"16":25,"17":15,"18":13,"19":18},"fnMap":{"1":{"name":"constructor","line":58,"loc":{"start":{"line":56,"column":1},"end":{"line":61,"column":1}}},"2":{"name":"registerPool","line":63,"loc":{"start":{"line":63,"column":1},"end":{"line":71,"column":1}}},"3":{"name":"deregisterPool","line":73,"loc":{"start":{"line":73,"column":1},"end":{"line":80,"column":1}}},"4":{"name":"getRepaymentAddress","line":82,"loc":{"start":{"line":82,"column":1},"end":{"line":84,"column":1}}},"5":{"name":"getTotalReserve","line":86,"loc":{"start":{"line":86,"column":1},"end":{"line":92,"column":1}}},"6":{"name":"getRepaymentAmount","line":94,"loc":{"start":{"line":94,"column":1},"end":{"line":96,"column":1}}},"7":{"name":"getRepaymentAmountInternal","line":98,"loc":{"start":{"line":98,"column":1},"end":{"line":101,"column":1}}},"8":{"name":"borrow","line":103,"loc":{"start":{"line":103,"column":1},"end":{"line":121,"column":1}}},"9":{"name":"callFunction","line":123,"loc":{"start":{"line":123,"column":1},"end":{"line":145,"column":1}}},"10":{"name":"getAccountInfo","line":147,"loc":{"start":{"line":147,"column":1},"end":{"line":149,"column":1}}},"11":{"name":"getWithdrawAction","line":151,"loc":{"start":{"line":151,"column":1},"end":{"line":172,"column":1}}},"12":{"name":"getDepositAction","line":174,"loc":{"start":{"line":174,"column":1},"end":{"line":195,"column":1}}},"13":{"name":"getCallAction","line":197,"loc":{"start":{"line":197,"column":1},"end":{"line":209,"column":1}}},"14":{"name":"isRegistered","line":211,"loc":{"start":{"line":211,"column":1},"end":{"line":213,"column":1}}},"15":{"name":"marketIdFromTokenAddress","line":215,"loc":{"start":{"line":215,"column":1},"end":{"line":217,"column":1}}},"16":{"name":"remapTokenAddress","line":219,"loc":{"start":{"line":219,"column":1},"end":{"line":221,"column":1}}},"17":{"name":"unmapTokenAddress","line":223,"loc":{"start":{"line":223,"column":1},"end":{"line":225,"column":1}}},"18":{"name":"isClosing","line":227,"loc":{"start":{"line":227,"column":1},"end":{"line":230,"column":1}}},"19":{"name":null,"line":232,"loc":{"start":{"line":232,"column":1},"end":{"line":232,"column":30}}}},"statementMap":{"1":{"start":{"line":60,"column":2},"end":{"line":60,"column":39}},"2":{"start":{"line":64,"column":2},"end":{"line":64,"column":107}},"3":{"start":{"line":65,"column":2},"end":{"line":65,"column":88}},"4":{"start":{"line":67,"column":2},"end":{"line":67,"column":49}},"5":{"start":{"line":68,"column":2},"end":{"line":68,"column":49}},"6":{"start":{"line":69,"column":2},"end":{"line":69,"column":45}},"7":{"start":{"line":70,"column":2},"end":{"line":70,"column":87}},"8":{"start":{"line":74,"column":2},"end":{"line":74,"column":58}},"9":{"start":{"line":76,"column":2},"end":{"line":76,"column":42}},"10":{"start":{"line":77,"column":2},"end":{"line":77,"column":47}},"11":{"start":{"line":78,"column":2},"end":{"line":78,"column":46}},"12":{"start":{"line":79,"column":2},"end":{"line":79,"column":71}},"13":{"start":{"line":83,"column":2},"end":{"line":83,"column":22}},"14":{"start":{"line":87,"column":2},"end":{"line":87,"column":3099}},"15":{"start":{"line":88,"column":3},"end":{"line":88,"column":79}},"16":{"start":{"line":91,"column":2},"end":{"line":91,"column":10}},"17":{"start":{"line":95,"column":2},"end":{"line":95,"column":62}},"18":{"start":{"line":100,"column":2},"end":{"line":100,"column":76}},"19":{"start":{"line":104,"column":2},"end":{"line":104,"column":46}},"20":{"start":{"line":105,"column":2},"end":{"line":105,"column":37}},"21":{"start":{"line":106,"column":2},"end":{"line":106,"column":35}},"22":{"start":{"line":108,"column":2},"end":{"line":108,"column":52}},"23":{"start":{"line":109,"column":2},"end":{"line":109,"column":66}},"24":{"start":{"line":110,"column":2},"end":{"line":110,"column":61}},"25":{"start":{"line":111,"column":2},"end":{"line":111,"column":32}},"26":{"start":{"line":112,"column":2},"end":{"line":112,"column":102}},"27":{"start":{"line":113,"column":2},"end":{"line":113,"column":70}},"28":{"start":{"line":114,"column":2},"end":{"line":114,"column":35}},"29":{"start":{"line":116,"column":2},"end":{"line":116,"column":39}},"30":{"start":{"line":118,"column":2},"end":{"line":118,"column":46}},"31":{"start":{"line":119,"column":2},"end":{"line":119,"column":35}},"32":{"start":{"line":120,"column":2},"end":{"line":120,"column":25}},"33":{"start":{"line":128,"column":2},"end":{"line":128,"column":84}},"34":{"start":{"line":130,"column":2},"end":{"line":130,"column":4719}},"35":{"start":{"line":131,"column":3},"end":{"line":131,"column":30}},"36":{"start":{"line":134,"column":2},"end":{"line":134,"column":4802}},"37":{"start":{"line":139,"column":2},"end":{"line":139,"column":54}},"38":{"start":{"line":140,"column":2},"end":{"line":140,"column":25}},"39":{"start":{"line":142,"column":2},"end":{"line":142,"column":5039}},"40":{"start":{"line":143,"column":3},"end":{"line":143,"column":79}},"41":{"start":{"line":148,"column":2},"end":{"line":148,"column":63}},"42":{"start":{"line":156,"column":2},"end":{"line":156,"column":5452}},"43":{"start":{"line":179,"column":2},"end":{"line":179,"column":6044}},"44":{"start":{"line":198,"column":2},"end":{"line":198,"column":6583}},"45":{"start":{"line":212,"column":2},"end":{"line":212,"column":46}},"46":{"start":{"line":216,"column":2},"end":{"line":216,"column":46}},"47":{"start":{"line":220,"column":2},"end":{"line":220,"column":65}},"48":{"start":{"line":224,"column":2},"end":{"line":224,"column":65}},"49":{"start":{"line":228,"column":2},"end":{"line":228,"column":58}},"50":{"start":{"line":229,"column":2},"end":{"line":229,"column":69}}},"branchMap":{"1":{"line":65,"type":"if","locations":[{"start":{"line":65,"column":2},"end":{"line":65,"column":2}},{"start":{"line":65,"column":2},"end":{"line":65,"column":2}}]},"2":{"line":87,"type":"if","locations":[{"start":{"line":87,"column":2},"end":{"line":87,"column":2}},{"start":{"line":87,"column":2},"end":{"line":87,"column":2}}]},"3":{"line":128,"type":"if","locations":[{"start":{"line":128,"column":2},"end":{"line":128,"column":2}},{"start":{"line":128,"column":2},"end":{"line":128,"column":2}}]},"4":{"line":130,"type":"if","locations":[{"start":{"line":130,"column":2},"end":{"line":130,"column":2}},{"start":{"line":130,"column":2},"end":{"line":130,"column":2}}]},"5":{"line":134,"type":"if","locations":[{"start":{"line":134,"column":2},"end":{"line":134,"column":2}},{"start":{"line":134,"column":2},"end":{"line":134,"column":2}}]},"6":{"line":142,"type":"if","locations":[{"start":{"line":142,"column":2},"end":{"line":142,"column":2}},{"start":{"line":142,"column":2},"end":{"line":142,"column":2}}]}}},
"contracts\\liquidity\\dydx\\Types.sol":{"l":{},"path":"C:\\Users\\l3p\\Code\\kingmaker\\protocol\\contracts\\liquidity\\dydx\\Types.sol","s":{},"b":{},"f":{},"fnMap":{},"statementMap":{},"branchMap":{}},
"contracts\\liquidity\\ILiquidityProxy.sol":{"l":{},"path":"C:\\Users\\l3p\\Code\\kingmaker\\protocol\\contracts\\liquidity\\ILiquidityProxy.sol","s":{},"b":{},"f":{},"fnMap":{},"statementMap":{},"branchMap":{}},
"contracts\\liquidity\\kingmaker\\KingmakerLiquidityProxy.sol":{"l":{"40":15,"44":0,"48":0,"52":6,"53":6,"54":6,"56":0,"60":5,"61":5,"65":0,"66":0,"67":0,"69":0,"70":0,"72":0,"73":0,"74":0,"78":0,"80":0,"85":0,"86":0,"90":23,"94":6,"98":6},"path":"C:\\Users\\l3p\\Code\\kingmaker\\protocol\\contracts\\liquidity\\kingmaker\\KingmakerLiquidityProxy.sol","s":{"1":15,"2":0,"3":0,"4":6,"5":6,"6":6,"7":0,"8":5,"9":5,"10":0,"11":0,"12":0,"13":0,"14":0,"15":0,"16":0,"17":0,"18":0,"19":0,"20":0,"21":0,"22":23,"23":6,"24":6},"b":{"1":[6,0],"2":[0,0],"3":[0,0]},"f":{"1":45,"2":15,"3":0,"4":0,"5":6,"6":5,"7":0,"8":0,"9":23,"10":6,"11":6,"12":0},"fnMap":{"1":{"name":"constructor","line":37,"loc":{"start":{"line":37,"column":1},"end":{"line":37,"column":43}}},"2":{"name":"registerPool","line":39,"loc":{"start":{"line":39,"column":1},"end":{"line":41,"column":1}}},"3":{"name":"deregisterPool","line":43,"loc":{"start":{"line":43,"column":1},"end":{"line":45,"column":1}}},"4":{"name":"getRepaymentAddress","line":47,"loc":{"start":{"line":47,"column":1},"end":{"line":49,"column":1}}},"5":{"name":"getTotalReserve","line":51,"loc":{"start":{"line":51,"column":1},"end":{"line":57,"column":1}}},"6":{"name":"getRepaymentAmount","line":59,"loc":{"start":{"line":59,"column":1},"end":{"line":62,"column":1}}},"7":{"name":"borrow","line":64,"loc":{"start":{"line":64,"column":1},"end":{"line":75,"column":1}}},"8":{"name":"execute","line":77,"loc":{"start":{"line":77,"column":1},"end":{"line":87,"column":1}}},"9":{"name":"poolAddress","line":89,"loc":{"start":{"line":89,"column":1},"end":{"line":91,"column":1}}},"10":{"name":"isRegistered","line":93,"loc":{"start":{"line":93,"column":1},"end":{"line":95,"column":1}}},"11":{"name":"isPaused","line":97,"loc":{"start":{"line":97,"column":1},"end":{"line":99,"column":1}}},"12":{"name":null,"line":101,"loc":{"start":{"line":101,"column":1},"end":{"line":101,"column":22}}}},"statementMap":{"1":{"start":{"line":40,"column":2},"end":{"line":40,"column":59}},"2":{"start":{"line":44,"column":2},"end":{"line":44,"column":56}},"3":{"start":{"line":48,"column":2},"end":{"line":48,"column":34}},"4":{"start":{"line":52,"column":2},"end":{"line":52,"column":1845}},"5":{"start":{"line":53,"column":3},"end":{"line":53,"column":76}},"6":{"start":{"line":54,"column":3},"end":{"line":54,"column":29}},"7":{"start":{"line":56,"column":2},"end":{"line":56,"column":10}},"8":{"start":{"line":60,"column":2},"end":{"line":60,"column":49}},"9":{"start":{"line":61,"column":2},"end":{"line":61,"column":51}},"10":{"start":{"line":65,"column":2},"end":{"line":65,"column":46}},"11":{"start":{"line":66,"column":2},"end":{"line":66,"column":37}},"12":{"start":{"line":67,"column":2},"end":{"line":67,"column":35}},"13":{"start":{"line":69,"column":2},"end":{"line":69,"column":49}},"14":{"start":{"line":70,"column":2},"end":{"line":70,"column":44}},"15":{"start":{"line":72,"column":2},"end":{"line":72,"column":46}},"16":{"start":{"line":73,"column":2},"end":{"line":73,"column":35}},"17":{"start":{"line":74,"column":2},"end":{"line":74,"column":25}},"18":{"start":{"line":78,"column":2},"end":{"line":78,"column":89}},"19":{"start":{"line":80,"column":2},"end":{"line":80,"column":2846}},"20":{"start":{"line":85,"column":2},"end":{"line":85,"column":54}},"21":{"start":{"line":86,"column":2},"end":{"line":86,"column":25}},"22":{"start":{"line":90,"column":2},"end":{"line":90,"column":51}},"23":{"start":{"line":94,"column":2},"end":{"line":94,"column":48}},"24":{"start":{"line":98,"column":2},"end":{"line":98,"column":53}}},"branchMap":{"1":{"line":52,"type":"if","locations":[{"start":{"line":52,"column":2},"end":{"line":52,"column":2}},{"start":{"line":52,"column":2},"end":{"line":52,"column":2}}]},"2":{"line":78,"type":"if","locations":[{"start":{"line":78,"column":2},"end":{"line":78,"column":2}},{"start":{"line":78,"column":2},"end":{"line":78,"column":2}}]},"3":{"line":80,"type":"if","locations":[{"start":{"line":80,"column":2},"end":{"line":80,"column":2}},{"start":{"line":80,"column":2},"end":{"line":80,"column":2}}]}}},
"contracts\\testing\\InvokableCatcher.sol":{"l":{"28":0},"path":"C:\\Users\\l3p\\Code\\kingmaker\\protocol\\contracts\\testing\\InvokableCatcher.sol","s":{"1":0},"b":{},"f":{"1":0,"2":0},"fnMap":{"1":{"name":"constructor","line":23,"loc":{"start":{"line":23,"column":1},"end":{"line":23,"column":16}}},"2":{"name":"invokeCatch","line":27,"loc":{"start":{"line":27,"column":1},"end":{"line":29,"column":1}}}},"statementMap":{"1":{"start":{"line":28,"column":2},"end":{"line":28,"column":36}}},"branchMap":{}},
"contracts\\testing\\MockSoloMargin.sol":{"l":{"39":45,"40":45,"42":45,"47":9,"48":9,"49":9,"50":9,"53":9,"54":9,"55":9,"57":9,"58":9,"62":9,"64":9,"65":9,"66":9,"69":9,"70":9,"71":9,"72":9,"75":9,"76":9,"78":9,"79":9,"80":9,"81":9,"85":9,"87":9,"88":9,"89":9,"91":9,"93":9,"95":9,"101":9,"102":9,"104":9,"109":9,"110":9,"111":9,"112":9,"116":13,"120":3,"124":15,"128":18,"136":9,"145":9,"149":18},"path":"C:\\Users\\l3p\\Code\\kingmaker\\protocol\\contracts\\testing\\MockSoloMargin.sol","s":{"1":45,"2":45,"3":45,"4":9,"5":9,"6":9,"7":9,"8":9,"9":9,"10":9,"11":9,"12":9,"13":9,"14":9,"15":9,"16":9,"17":9,"18":9,"19":9,"20":9,"21":9,"22":9,"23":9,"24":9,"25":9,"26":9,"27":9,"28":9,"29":9,"30":9,"31":9,"32":9,"33":9,"34":9,"35":9,"36":9,"37":9,"38":9,"39":9,"40":9,"41":13,"42":3,"43":15,"44":18,"45":9,"46":9,"47":18},"b":{"1":[9,0],"2":[9,0],"3":[9,0],"4":[9,0],"5":[9,0],"6":[9,0],"7":[9,0],"8":[9,0],"9":[9,0],"10":[9,0],"11":[9,0],"12":[9,0],"13":[9,0],"14":[9,0],"15":[9,0],"16":[9,0],"17":[9,0],"18":[9,0],"19":[9,0],"20":[9,0]},"f":{"1":45,"2":9,"3":13,"4":3,"5":15,"6":18,"7":9,"8":9,"9":18,"10":0},"fnMap":{"1":{"name":"constructor","line":38,"loc":{"start":{"line":38,"column":1},"end":{"line":43,"column":1}}},"2":{"name":"operate","line":45,"loc":{"start":{"line":45,"column":1},"end":{"line":113,"column":1}}},"3":{"name":"getMarketIsClosing","line":115,"loc":{"start":{"line":115,"column":1},"end":{"line":117,"column":1}}},"4":{"name":"setClosed","line":119,"loc":{"start":{"line":119,"column":1},"end":{"line":121,"column":1}}},"5":{"name":"getMarketTokenAddress","line":123,"loc":{"start":{"line":123,"column":1},"end":{"line":125,"column":1}}},"6":{"name":"repaymentFee","line":127,"loc":{"start":{"line":127,"column":1},"end":{"line":129,"column":1}}},"7":{"name":"transfer","line":131,"loc":{"start":{"line":131,"column":1},"end":{"line":137,"column":1}}},"8":{"name":"transferFrom","line":139,"loc":{"start":{"line":139,"column":1},"end":{"line":146,"column":1}}},"9":{"name":"balanceOf","line":148,"loc":{"start":{"line":148,"column":1},"end":{"line":150,"column":1}}},"10":{"name":null,"line":152,"loc":{"start":{"line":152,"column":1},"end":{"line":152,"column":22}}}},"statementMap":{"1":{"start":{"line":39,"column":2},"end":{"line":39,"column":1260}},"2":{"start":{"line":40,"column":3},"end":{"line":40,"column":44}},"3":{"start":{"line":42,"column":2},"end":{"line":42,"column":18}},"4":{"start":{"line":47,"column":2},"end":{"line":47,"column":75}},"5":{"start":{"line":48,"column":2},"end":{"line":48,"column":73}},"6":{"start":{"line":49,"column":2},"end":{"line":49,"column":44}},"7":{"start":{"line":50,"column":2},"end":{"line":50,"column":44}},"8":{"start":{"line":53,"column":2},"end":{"line":53,"column":47}},"9":{"start":{"line":54,"column":2},"end":{"line":54,"column":46}},"10":{"start":{"line":55,"column":2},"end":{"line":55,"column":45}},"11":{"start":{"line":57,"column":2},"end":{"line":57,"column":82}},"12":{"start":{"line":58,"column":2},"end":{"line":58,"column":2006}},"13":{"start":{"line":62,"column":2},"end":{"line":62,"column":107}},"14":{"start":{"line":64,"column":2},"end":{"line":64,"column":108}},"15":{"start":{"line":65,"column":2},"end":{"line":65,"column":75}},"16":{"start":{"line":66,"column":2},"end":{"line":66,"column":85}},"17":{"start":{"line":69,"column":2},"end":{"line":69,"column":43}},"18":{"start":{"line":70,"column":2},"end":{"line":70,"column":96}},"19":{"start":{"line":71,"column":2},"end":{"line":71,"column":71}},"20":{"start":{"line":72,"column":2},"end":{"line":72,"column":79}},"21":{"start":{"line":75,"column":2},"end":{"line":75,"column":46}},"22":{"start":{"line":76,"column":2},"end":{"line":76,"column":91}},"23":{"start":{"line":78,"column":2},"end":{"line":78,"column":90}},"24":{"start":{"line":79,"column":2},"end":{"line":79,"column":89}},"25":{"start":{"line":80,"column":2},"end":{"line":80,"column":79}},"26":{"start":{"line":81,"column":2},"end":{"line":81,"column":3267}},"27":{"start":{"line":85,"column":2},"end":{"line":85,"column":105}},"28":{"start":{"line":87,"column":2},"end":{"line":87,"column":105}},"29":{"start":{"line":88,"column":2},"end":{"line":88,"column":74}},"30":{"start":{"line":89,"column":2},"end":{"line":89,"column":84}},"31":{"start":{"line":91,"column":2},"end":{"line":91,"column":61}},"32":{"start":{"line":93,"column":2},"end":{"line":93,"column":70}},"33":{"start":{"line":95,"column":2},"end":{"line":95,"column":3918}},"34":{"start":{"line":101,"column":2},"end":{"line":101,"column":87}},"35":{"start":{"line":102,"column":2},"end":{"line":102,"column":60}},"36":{"start":{"line":104,"column":2},"end":{"line":104,"column":4224}},"37":{"start":{"line":109,"column":2},"end":{"line":109,"column":26}},"38":{"start":{"line":110,"column":2},"end":{"line":110,"column":22}},"39":{"start":{"line":111,"column":2},"end":{"line":111,"column":37}},"40":{"start":{"line":112,"column":2},"end":{"line":112,"column":27}},"41":{"start":{"line":116,"column":2},"end":{"line":116,"column":18}},"42":{"start":{"line":120,"column":2},"end":{"line":120,"column":19}},"43":{"start":{"line":124,"column":2},"end":{"line":124,"column":27}},"44":{"start":{"line":128,"column":2},"end":{"line":128,"column":29}},"45":{"start":{"line":136,"column":2},"end":{"line":136,"column":56}},"46":{"start":{"line":145,"column":2},"end":{"line":145,"column":66}},"47":{"start":{"line":149,"column":2},"end":{"line":149,"column":60}}},"branchMap":{"1":{"line":47,"type":"if","locations":[{"start":{"line":47,"column":2},"end":{"line":47,"column":2}},{"start":{"line":47,"column":2},"end":{"line":47,"column":2}}]},"2":{"line":48,"type":"if","locations":[{"start":{"line":48,"column":2},"end":{"line":48,"column":2}},{"start":{"line":48,"column":2},"end":{"line":48,"column":2}}]},"3":{"line":57,"type":"if","locations":[{"start":{"line":57,"column":2},"end":{"line":57,"column":2}},{"start":{"line":57,"column":2},"end":{"line":57,"column":2}}]},"4":{"line":58,"type":"if","locations":[{"start":{"line":58,"column":2},"end":{"line":58,"column":2}},{"start":{"line":58,"column":2},"end":{"line":58,"column":2}}]},"5":{"line":62,"type":"if","locations":[{"start":{"line":62,"column":2},"end":{"line":62,"column":2}},{"start":{"line":62,"column":2},"end":{"line":62,"column":2}}]},"6":{"line":64,"type":"if","locations":[{"start":{"line":64,"column":2},"end":{"line":64,"column":2}},{"start":{"line":64,"column":2},"end":{"line":64,"column":2}}]},"7":{"line":65,"type":"if","locations":[{"start":{"line":65,"column":2},"end":{"line":65,"column":2}},{"start":{"line":65,"column":2},"end":{"line":65,"column":2}}]},"8":{"line":66,"type":"if","locations":[{"start":{"line":66,"column":2},"end":{"line":66,"column":2}},{"start":{"line":66,"column":2},"end":{"line":66,"column":2}}]},"9":{"line":70,"type":"if","locations":[{"start":{"line":70,"column":2},"end":{"line":70,"column":2}},{"start":{"line":70,"column":2},"end":{"line":70,"column":2}}]},"10":{"line":71,"type":"if","locations":[{"start":{"line":71,"column":2},"end":{"line":71,"column":2}},{"start":{"line":71,"column":2},"end":{"line":71,"column":2}}]},"11":{"line":72,"type":"if","locations":[{"start":{"line":72,"column":2},"end":{"line":72,"column":2}},{"start":{"line":72,"column":2},"end":{"line":72,"column":2}}]},"12":{"line":76,"type":"if","locations":[{"start":{"line":76,"column":2},"end":{"line":76,"column":2}},{"start":{"line":76,"column":2},"end":{"line":76,"column":2}}]},"13":{"line":79,"type":"if","locations":[{"start":{"line":79,"column":2},"end":{"line":79,"column":2}},{"start":{"line":79,"column":2},"end":{"line":79,"column":2}}]},"14":{"line":80,"type":"if","locations":[{"start":{"line":80,"column":2},"end":{"line":80,"column":2}},{"start":{"line":80,"column":2},"end":{"line":80,"column":2}}]},"15":{"line":81,"type":"if","locations":[{"start":{"line":81,"column":2},"end":{"line":81,"column":2}},{"start":{"line":81,"column":2},"end":{"line":81,"column":2}}]},"16":{"line":85,"type":"if","locations":[{"start":{"line":85,"column":2},"end":{"line":85,"column":2}},{"start":{"line":85,"column":2},"end":{"line":85,"column":2}}]},"17":{"line":87,"type":"if","locations":[{"start":{"line":87,"column":2},"end":{"line":87,"column":2}},{"start":{"line":87,"column":2},"end":{"line":87,"column":2}}]},"18":{"line":88,"type":"if","locations":[{"start":{"line":88,"column":2},"end":{"line":88,"column":2}},{"start":{"line":88,"column":2},"end":{"line":88,"column":2}}]},"19":{"line":89,"type":"if","locations":[{"start":{"line":89,"column":2},"end":{"line":89,"column":2}},{"start":{"line":89,"column":2},"end":{"line":89,"column":2}}]},"20":{"line":104,"type":"if","locations":[{"start":{"line":104,"column":2},"end":{"line":104,"column":2}},{"start":{"line":104,"column":2},"end":{"line":104,"column":2}}]}}},
"contracts\\testing\\TestCollateralizedERC20.sol":{"l":{},"path":"C:\\Users\\l3p\\Code\\kingmaker\\protocol\\contracts\\testing\\TestCollateralizedERC20.sol","s":{},"b":{},"f":{"1":123},"fnMap":{"1":{"name":"constructor","line":30,"loc":{"start":{"line":26,"column":1},"end":{"line":30,"column":56}}}},"statementMap":{},"branchMap":{}},
"contracts\\testing\\TestCollateralizedEther.sol":{"l":{},"path":"C:\\Users\\l3p\\Code\\kingmaker\\protocol\\contracts\\testing\\TestCollateralizedEther.sol","s":{},"b":{},"f":{"1":117},"fnMap":{"1":{"name":"constructor","line":25,"loc":{"start":{"line":25,"column":1},"end":{"line":25,"column":76}}}},"statementMap":{},"branchMap":{}},
"contracts\\testing\\TestInvokable.sol":{"l":{"39":0,"43":22,"45":22,"46":15,"49":7,"50":7,"51":2,"52":2,"54":5,"55":0,"56":0,"58":5,"59":5,"60":5,"65":15,"69":2,"73":0,"74":0,"78":5,"79":5,"83":22},"path":"C:\\Users\\l3p\\Code\\kingmaker\\protocol\\contracts\\testing\\TestInvokable.sol","s":{"1":0,"2":22,"3":22,"4":15,"5":7,"6":7,"7":2,"8":2,"9":5,"10":0,"11":0,"12":5,"13":5,"14":5,"15":15,"16":2,"17":0,"18":0,"19":5,"20":5,"21":22},"b":{"1":[15,7],"2":[2,5],"3":[0,5],"4":[5,0],"5":[5,0]},"f":{"1":96,"2":0,"3":22,"4":15,"5":2,"6":0,"7":5,"8":22,"9":58},"fnMap":{"1":{"name":"constructor","line":25,"loc":{"start":{"line":25,"column":1},"end":{"line":25,"column":16}}},"2":{"name":"invoke","line":38,"loc":{"start":{"line":38,"column":1},"end":{"line":40,"column":1}}},"3":{"name":"execute","line":42,"loc":{"start":{"line":42,"column":1},"end":{"line":62,"column":1}}},"4":{"name":"executeNoop","line":64,"loc":{"start":{"line":64,"column":1},"end":{"line":66,"column":1}}},"5":{"name":"executeRepayAmount","line":68,"loc":{"start":{"line":68,"column":1},"end":{"line":70,"column":1}}},"6":{"name":"executeInvoke","line":72,"loc":{"start":{"line":72,"column":1},"end":{"line":75,"column":1}}},"7":{"name":"executePayable","line":77,"loc":{"start":{"line":77,"column":1},"end":{"line":80,"column":1}}},"8":{"name":"emitHelper","line":82,"loc":{"start":{"line":82,"column":1},"end":{"line":91,"column":1}}},"9":{"name":null,"line":93,"loc":{"start":{"line":93,"column":1},"end":{"line":93,"column":30}}}},"statementMap":{"1":{"start":{"line":39,"column":2},"end":{"line":39,"column":51}},"2":{"start":{"line":43,"column":2},"end":{"line":43,"column":17}},"3":{"start":{"line":45,"column":2},"end":{"line":45,"column":1312}},"4":{"start":{"line":46,"column":3},"end":{"line":46,"column":23}},"5":{"start":{"line":49,"column":2},"end":{"line":49,"column":80}},"6":{"start":{"line":50,"column":2},"end":{"line":50,"column":1450}},"7":{"start":{"line":51,"column":3},"end":{"line":51,"column":60}},"8":{"start":{"line":52,"column":3},"end":{"line":52,"column":45}},"9":{"start":{"line":54,"column":2},"end":{"line":54,"column":1586}},"10":{"start":{"line":55,"column":3},"end":{"line":55,"column":92}},"11":{"start":{"line":56,"column":3},"end":{"line":56,"column":50}},"12":{"start":{"line":58,"column":2},"end":{"line":58,"column":1759}},"13":{"start":{"line":59,"column":3},"end":{"line":59,"column":51}},"14":{"start":{"line":60,"column":3},"end":{"line":60,"column":32}},"15":{"start":{"line":65,"column":2},"end":{"line":65,"column":8}},"16":{"start":{"line":69,"column":2},"end":{"line":69,"column":52}},"17":{"start":{"line":73,"column":2},"end":{"line":73,"column":51}},"18":{"start":{"line":74,"column":2},"end":{"line":74,"column":8}},"19":{"start":{"line":78,"column":2},"end":{"line":78,"column":69}},"20":{"start":{"line":79,"column":2},"end":{"line":79,"column":8}},"21":{"start":{"line":83,"column":2},"end":{"line":83,"column":2385}}},"branchMap":{"1":{"line":45,"type":"if","locations":[{"start":{"line":45,"column":2},"end":{"line":45,"column":2}},{"start":{"line":45,"column":2},"end":{"line":45,"column":2}}]},"2":{"line":50,"type":"if","locations":[{"start":{"line":50,"column":2},"end":{"line":50,"column":2}},{"start":{"line":50,"column":2},"end":{"line":50,"column":2}}]},"3":{"line":54,"type":"if","locations":[{"start":{"line":54,"column":2},"end":{"line":54,"column":2}},{"start":{"line":54,"column":2},"end":{"line":54,"column":2}}]},"4":{"line":58,"type":"if","locations":[{"start":{"line":58,"column":2},"end":{"line":58,"column":2}},{"start":{"line":58,"column":2},"end":{"line":58,"column":2}}]},"5":{"line":78,"type":"if","locations":[{"start":{"line":78,"column":2},"end":{"line":78,"column":2}},{"start":{"line":78,"column":2},"end":{"line":78,"column":2}}]}}},
"contracts\\testing\\TestOnChainInvokable.sol":{"l":{"41":0,"42":0,"46":0,"57":0},"path":"C:\\Users\\l3p\\Code\\kingmaker\\protocol\\contracts\\testing\\TestOnChainInvokable.sol","s":{"1":0,"2":0,"3":0,"4":0},"b":{},"f":{"1":0,"2":0,"3":0,"4":0,"5":0},"fnMap":{"1":{"name":"constructor","line":29,"loc":{"start":{"line":29,"column":1},"end":{"line":29,"column":16}}},"2":{"name":"execute","line":40,"loc":{"start":{"line":40,"column":1},"end":{"line":43,"column":1}}},"3":{"name":"emitHelper","line":45,"loc":{"start":{"line":45,"column":1},"end":{"line":54,"column":1}}},"4":{"name":"withdraw","line":56,"loc":{"start":{"line":56,"column":1},"end":{"line":58,"column":1}}},"5":{"name":null,"line":60,"loc":{"start":{"line":60,"column":1},"end":{"line":60,"column":22}}}},"statementMap":{"1":{"start":{"line":41,"column":2},"end":{"line":41,"column":17}},"2":{"start":{"line":42,"column":2},"end":{"line":42,"column":8}},"3":{"start":{"line":46,"column":2},"end":{"line":46,"column":1310}},"4":{"start":{"line":57,"column":2},"end":{"line":57,"column":51}}},"branchMap":{}},
"contracts\\testing\\TestToken.sol":{"l":{"31":137,"32":137},"path":"C:\\Users\\l3p\\Code\\kingmaker\\protocol\\contracts\\testing\\TestToken.sol","s":{"1":137,"2":137},"b":{},"f":{"1":192,"2":137},"fnMap":{"1":{"name":"constructor","line":25,"loc":{"start":{"line":25,"column":1},"end":{"line":25,"column":76}}},"2":{"name":"mint","line":30,"loc":{"start":{"line":30,"column":1},"end":{"line":33,"column":1}}}},"statementMap":{"1":{"start":{"line":31,"column":2},"end":{"line":31,"column":26}},"2":{"start":{"line":32,"column":2},"end":{"line":32,"column":13}}},"branchMap":{}},
"contracts\\testing\\WETH9.sol":{"l":{"32":0,"36":24,"37":24,"41":9,"42":9,"43":9,"44":9,"48":0,"52":15,"53":15,"54":15,"58":24,"66":33,"68":33,"69":0,"70":0,"73":33,"74":33,"76":33,"78":33},"path":"C:\\Users\\l3p\\Code\\kingmaker\\protocol\\contracts\\testing\\WETH9.sol","s":{"1":0,"2":24,"3":24,"4":9,"5":9,"6":9,"7":9,"8":0,"9":15,"10":15,"11":15,"12":24,"13":33,"14":33,"15":0,"16":0,"17":33,"18":33,"19":33,"20":33},"b":{"1":[9,0],"2":[33,0],"3":[0,33],"4":[0,0]},"f":{"1":0,"2":24,"3":9,"4":0,"5":15,"6":24,"7":33},"fnMap":{"1":{"name":"","line":31,"loc":{"start":{"line":31,"column":1},"end":{"line":33,"column":1}}},"2":{"name":"deposit","line":35,"loc":{"start":{"line":35,"column":1},"end":{"line":38,"column":1}}},"3":{"name":"withdraw","line":40,"loc":{"start":{"line":40,"column":1},"end":{"line":45,"column":1}}},"4":{"name":"totalSupply","line":47,"loc":{"start":{"line":47,"column":1},"end":{"line":49,"column":1}}},"5":{"name":"approve","line":51,"loc":{"start":{"line":51,"column":1},"end":{"line":55,"column":1}}},"6":{"name":"transfer","line":57,"loc":{"start":{"line":57,"column":1},"end":{"line":59,"column":1}}},"7":{"name":"transferFrom","line":61,"loc":{"start":{"line":61,"column":1},"end":{"line":79,"column":1}}}},"statementMap":{"1":{"start":{"line":32,"column":2},"end":{"line":32,"column":10}},"2":{"start":{"line":36,"column":2},"end":{"line":36,"column":35}},"3":{"start":{"line":37,"column":2},"end":{"line":37,"column":37}},"4":{"start":{"line":41,"column":2},"end":{"line":41,"column":38}},"5":{"start":{"line":42,"column":2},"end":{"line":42,"column":29}},"6":{"start":{"line":43,"column":2},"end":{"line":43,"column":25}},"7":{"start":{"line":44,"column":2},"end":{"line":44,"column":34}},"8":{"start":{"line":48,"column":2},"end":{"line":48,"column":30}},"9":{"start":{"line":52,"column":2},"end":{"line":52,"column":33}},"10":{"start":{"line":53,"column":2},"end":{"line":53,"column":37}},"11":{"start":{"line":54,"column":2},"end":{"line":54,"column":13}},"12":{"start":{"line":58,"column":2},"end":{"line":58,"column":43}},"13":{"start":{"line":66,"column":2},"end":{"line":66,"column":31}},"14":{"start":{"line":68,"column":2},"end":{"line":68,"column":2092}},"15":{"start":{"line":69,"column":3},"end":{"line":69,"column":44}},"16":{"start":{"line":70,"column":3},"end":{"line":70,"column":35}},"17":{"start":{"line":73,"column":2},"end":{"line":73,"column":22}},"18":{"start":{"line":74,"column":2},"end":{"line":74,"column":22}},"19":{"start":{"line":76,"column":2},"end":{"line":76,"column":30}},"20":{"start":{"line":78,"column":2},"end":{"line":78,"column":13}}},"branchMap":{"1":{"line":41,"type":"if","locations":[{"start":{"line":41,"column":2},"end":{"line":41,"column":2}},{"start":{"line":41,"column":2},"end":{"line":41,"column":2}}]},"2":{"line":66,"type":"if","locations":[{"start":{"line":66,"column":2},"end":{"line":66,"column":2}},{"start":{"line":66,"column":2},"end":{"line":66,"column":2}}]},"3":{"line":68,"type":"if","locations":[{"start":{"line":68,"column":2},"end":{"line":68,"column":2}},{"start":{"line":68,"column":2},"end":{"line":68,"column":2}}]},"4":{"line":69,"type":"if","locations":[{"start":{"line":69,"column":3},"end":{"line":69,"column":3}},{"start":{"line":69,"column":3},"end":{"line":69,"column":3}}]}}},
"contracts\\token\\CollateralizedERC20.sol":{"l":{"29":77,"30":77,"34":75,"38":58,"42":1,"46":269},"path":"C:\\Users\\l3p\\Code\\kingmaker\\protocol\\contracts\\token\\CollateralizedERC20.sol","s":{"1":77,"2":77,"3":75,"4":58,"5":1,"6":269},"b":{"1":[75,2]},"f":{"1":77,"2":58,"3":1,"4":269},"fnMap":{"1":{"name":"mint","line":28,"loc":{"start":{"line":28,"column":1},"end":{"line":35,"column":1}}},"2":{"name":"transferUnderlying","line":37,"loc":{"start":{"line":37,"column":1},"end":{"line":39,"column":1}}},"3":{"name":"isUnderlyingEther","line":41,"loc":{"start":{"line":41,"column":1},"end":{"line":43,"column":1}}},"4":{"name":"totalReserve","line":45,"loc":{"start":{"line":45,"column":1},"end":{"line":47,"column":1}}}},"statementMap":{"1":{"start":{"line":29,"column":2},"end":{"line":29,"column":37}},"2":{"start":{"line":30,"column":2},"end":{"line":30,"column":977}},"3":{"start":{"line":34,"column":2},"end":{"line":34,"column":34}},"4":{"start":{"line":38,"column":2},"end":{"line":38,"column":50}},"5":{"start":{"line":42,"column":2},"end":{"line":42,"column":14}},"6":{"start":{"line":46,"column":2},"end":{"line":46,"column":54}}},"branchMap":{"1":{"line":30,"type":"if","locations":[{"start":{"line":30,"column":2},"end":{"line":30,"column":2}},{"start":{"line":30,"column":2},"end":{"line":30,"column":2}}]}}},
"contracts\\token\\CollateralizedEther.sol":{"l":{"32":67,"36":47,"37":47,"38":47,"42":1,"46":209},"path":"C:\\Users\\l3p\\Code\\kingmaker\\protocol\\contracts\\token\\CollateralizedEther.sol","s":{"1":67,"2":47,"3":47,"4":47,"5":1,"6":209},"b":{"1":[47,0]},"f":{"1":165,"2":67,"3":47,"4":1,"5":209},"fnMap":{"1":{"name":"constructor","line":29,"loc":{"start":{"line":29,"column":1},"end":{"line":29,"column":48}}},"2":{"name":"mint","line":31,"loc":{"start":{"line":31,"column":1},"end":{"line":33,"column":1}}},"3":{"name":"transferUnderlying","line":35,"loc":{"start":{"line":35,"column":1},"end":{"line":39,"column":1}}},"4":{"name":"isUnderlyingEther","line":41,"loc":{"start":{"line":41,"column":1},"end":{"line":43,"column":1}}},"5":{"name":"totalReserve","line":45,"loc":{"start":{"line":45,"column":1},"end":{"line":47,"column":1}}}},"statementMap":{"1":{"start":{"line":32,"column":2},"end":{"line":32,"column":32}},"2":{"start":{"line":36,"column":2},"end":{"line":36,"column":88}},"3":{"start":{"line":37,"column":2},"end":{"line":37,"column":29}},"4":{"start":{"line":38,"column":2},"end":{"line":38,"column":13}},"5":{"start":{"line":42,"column":2},"end":{"line":42,"column":13}},"6":{"start":{"line":46,"column":2},"end":{"line":46,"column":30}}},"branchMap":{"1":{"line":36,"type":"if","locations":[{"start":{"line":36,"column":2},"end":{"line":36,"column":2}},{"start":{"line":36,"column":2},"end":{"line":36,"column":2}}]}}},
"contracts\\token\\CollateralizedToken.sol":{"l":{"36":336,"44":47,"45":46,"49":40,"50":37,"54":142,"55":142,"56":42,"58":100,"60":142,"61":142,"63":142,"67":83,"68":81,"69":81,"71":81,"81":47,"82":1,"85":46,"89":0,"97":79,"98":0,"102":79,"105":79,"113":1,"117":428},"path":"C:\\Users\\l3p\\Code\\kingmaker\\protocol\\contracts\\token\\CollateralizedToken.sol","s":{"1":336,"2":47,"3":46,"4":40,"5":37,"6":142,"7":142,"8":42,"9":100,"10":142,"11":142,"12":142,"13":83,"14":81,"15":81,"16":81,"17":47,"18":1,"19":46,"20":0,"21":79,"22":0,"23":79,"24":79,"25":1,"26":428},"b":{"1":[46,1],"2":[37,3],"3":[42,100],"4":[81,0],"5":[1,46],"6":[0,79]},"f":{"1":336,"2":47,"3":40,"4":142,"5":83,"6":47,"7":0,"8":79,"9":1,"10":428},"fnMap":{"1":{"name":"constructor","line":35,"loc":{"start":{"line":35,"column":1},"end":{"line":37,"column":1}}},"2":{"name":"redeem","line":43,"loc":{"start":{"line":43,"column":1},"end":{"line":46,"column":1}}},"3":{"name":"redeemUnderlying","line":48,"loc":{"start":{"line":48,"column":1},"end":{"line":51,"column":1}}},"4":{"name":"mintInternal","line":53,"loc":{"start":{"line":53,"column":1},"end":{"line":64,"column":1}}},"5":{"name":"redeemInternal","line":66,"loc":{"start":{"line":66,"column":1},"end":{"line":72,"column":1}}},"6":{"name":"nativeAmountToUnderlyingAmount","line":80,"loc":{"start":{"line":80,"column":1},"end":{"line":86,"column":1}}},"7":{"name":"underlyingAmountToNativeAmount","line":88,"loc":{"start":{"line":88,"column":1},"end":{"line":90,"column":1}}},"8":{"name":"underlyingAmountToNativeAmountInternal","line":92,"loc":{"start":{"line":92,"column":1},"end":{"line":106,"column":1}}},"9":{"name":"balanceOfUnderlying","line":112,"loc":{"start":{"line":112,"column":1},"end":{"line":114,"column":1}}},"10":{"name":"underlying","line":116,"loc":{"start":{"line":116,"column":1},"end":{"line":118,"column":1}}}},"statementMap":{"1":{"start":{"line":36,"column":2},"end":{"line":36,"column":25}},"2":{"start":{"line":44,"column":2},"end":{"line":44,"column":61}},"3":{"start":{"line":45,"column":2},"end":{"line":45,"column":83}},"4":{"start":{"line":49,"column":2},"end":{"line":49,"column":63}},"5":{"start":{"line":50,"column":2},"end":{"line":50,"column":102}},"6":{"start":{"line":54,"column":2},"end":{"line":54,"column":22}},"7":{"start":{"line":55,"column":2},"end":{"line":55,"column":1847}},"8":{"start":{"line":56,"column":3},"end":{"line":56,"column":76}},"9":{"start":{"line":58,"column":3},"end":{"line":58,"column":23}},"10":{"start":{"line":60,"column":2},"end":{"line":60,"column":32}},"11":{"start":{"line":61,"column":2},"end":{"line":61,"column":45}},"12":{"start":{"line":63,"column":2},"end":{"line":63,"column":13}},"13":{"start":{"line":67,"column":2},"end":{"line":67,"column":32}},"14":{"start":{"line":68,"column":2},"end":{"line":68,"column":99}},"15":{"start":{"line":69,"column":2},"end":{"line":69,"column":52}},"16":{"start":{"line":71,"column":2},"end":{"line":71,"column":13}},"17":{"start":{"line":81,"column":2},"end":{"line":81,"column":2633}},"18":{"start":{"line":82,"column":3},"end":{"line":82,"column":11}},"19":{"start":{"line":85,"column":2},"end":{"line":85,"column":60}},"20":{"start":{"line":89,"column":2},"end":{"line":89,"column":78}},"21":{"start":{"line":97,"column":2},"end":{"line":97,"column":3090}},"22":{"start":{"line":98,"column":3},"end":{"line":98,"column":11}},"23":{"start":{"line":102,"column":2},"end":{"line":102,"column":104}},"24":{"start":{"line":105,"column":2},"end":{"line":105,"column":85}},"25":{"start":{"line":113,"column":2},"end":{"line":113,"column":57}},"26":{"start":{"line":117,"column":2},"end":{"line":117,"column":20}}},"branchMap":{"1":{"line":44,"type":"if","locations":[{"start":{"line":44,"column":2},"end":{"line":44,"column":2}},{"start":{"line":44,"column":2},"end":{"line":44,"column":2}}]},"2":{"line":49,"type":"if","locations":[{"start":{"line":49,"column":2},"end":{"line":49,"column":2}},{"start":{"line":49,"column":2},"end":{"line":49,"column":2}}]},"3":{"line":55,"type":"if","locations":[{"start":{"line":55,"column":2},"end":{"line":55,"column":2}},{"start":{"line":55,"column":2},"end":{"line":55,"column":2}}]},"4":{"line":68,"type":"if","locations":[{"start":{"line":68,"column":2},"end":{"line":68,"column":2}},{"start":{"line":68,"column":2},"end":{"line":68,"column":2}}]},"5":{"line":81,"type":"if","locations":[{"start":{"line":81,"column":2},"end":{"line":81,"column":2}},{"start":{"line":81,"column":2},"end":{"line":81,"column":2}}]},"6":{"line":97,"type":"if","locations":[{"start":{"line":97,"column":2},"end":{"line":97,"column":2}},{"start":{"line":97,"column":2},"end":{"line":97,"column":2}}]}}},
"contracts\\token\\ktoken\\KERC20.sol":{"l":{},"path":"C:\\Users\\l3p\\Code\\kingmaker\\protocol\\contracts\\token\\ktoken\\KERC20.sol","s":{},"b":{},"f":{"1":48},"fnMap":{"1":{"name":"constructor","line":30,"loc":{"start":{"line":26,"column":1},"end":{"line":30,"column":56}}}},"statementMap":{},"branchMap":{}},
"contracts\\token\\ktoken\\KEther.sol":{"l":{"30":1},"path":"C:\\Users\\l3p\\Code\\kingmaker\\protocol\\contracts\\token\\ktoken\\KEther.sol","s":{"1":1},"b":{},"f":{"1":48,"2":1},"fnMap":{"1":{"name":"constructor","line":27,"loc":{"start":{"line":27,"column":1},"end":{"line":27,"column":65}}},"2":{"name":"payableReserveAdjustment","line":29,"loc":{"start":{"line":29,"column":1},"end":{"line":31,"column":1}}}},"statementMap":{"1":{"start":{"line":30,"column":2},"end":{"line":30,"column":18}}},"branchMap":{}},
"contracts\\token\\ktoken\\KToken.sol":{"l":{"60":13,"63":13,"64":13,"67":13,"70":13,"71":13,"74":13,"77":11,"79":11,"80":11,"83":11,"87":12,"95":24,"96":24,"97":24,"101":29,"105":29,"109":13,"113":5,"117":0,"121":0,"125":0,"129":0,"134":13,"138":39,"142":35,"146":35,"152":32,"156":32,"160":32,"164":1,"168":0},"path":"C:\\Users\\l3p\\Code\\kingmaker\\protocol\\contracts\\token\\ktoken\\KToken.sol","s":{"1":13,"2":13,"3":13,"4":13,"5":13,"6":13,"7":13,"8":11,"9":11,"10":11,"11":11,"12":12,"13":24,"14":24,"15":24,"16":29,"17":29,"18":13,"19":5,"20":0,"21":0,"22":0,"23":0,"24":13,"25":39,"26":35,"27":35,"28":32,"29":32,"30":32,"31":1,"32":0},"b":{"1":[13,0],"2":[13,0],"3":[11,2],"4":[11,0]},"f":{"1":96,"2":13,"3":12,"4":24,"5":29,"6":29,"7":13,"8":5,"9":0,"10":0,"11":0,"12":0,"13":13,"14":39,"15":35,"16":35,"17":32,"18":32,"19":32,"20":1,"21":0},"fnMap":{"1":{"name":"constructor","line":53,"loc":{"start":{"line":53,"column":1},"end":{"line":53,"column":16}}},"2":{"name":"invoke","line":59,"loc":{"start":{"line":55,"column":1},"end":{"line":84,"column":1}}},"3":{"name":"payableReserveAdjustment","line":86,"loc":{"start":{"line":86,"column":1},"end":{"line":88,"column":1}}},"4":{"name":"setInvocationState","line":90,"loc":{"start":{"line":90,"column":1},"end":{"line":98,"column":1}}},"5":{"name":"calculatePoolReward","line":100,"loc":{"start":{"line":100,"column":1},"end":{"line":102,"column":1}}},"6":{"name":"calculatePlatformReward","line":104,"loc":{"start":{"line":104,"column":1},"end":{"line":106,"column":1}}},"7":{"name":"calculateExpectedBalance","line":108,"loc":{"start":{"line":108,"column":1},"end":{"line":110,"column":1}}},"8":{"name":"calculateRepaymentAmount","line":112,"loc":{"start":{"line":112,"column":1},"end":{"line":114,"column":1}}},"9":{"name":"poolReward","line":116,"loc":{"start":{"line":116,"column":1},"end":{"line":118,"column":1}}},"10":{"name":"platformReward","line":120,"loc":{"start":{"line":120,"column":1},"end":{"line":122,"column":1}}},"11":{"name":"platformVaultAddress","line":124,"loc":{"start":{"line":124,"column":1},"end":{"line":126,"column":1}}},"12":{"name":"isKToken","line":128,"loc":{"start":{"line":128,"column":1},"end":{"line":130,"column":1}}},"13":{"name":"currentSender","line":133,"loc":{"start":{"line":133,"column":1},"end":{"line":135,"column":1}}},"14":{"name":"currentTokenAddress","line":137,"loc":{"start":{"line":137,"column":1},"end":{"line":139,"column":1}}},"15":{"name":"currentTokenAmount","line":141,"loc":{"start":{"line":141,"column":1},"end":{"line":143,"column":1}}},"16":{"name":"currentRepaymentAmount","line":145,"loc":{"start":{"line":145,"column":1},"end":{"line":147,"column":1}}},"17":{"name":"setPoolReward","line":151,"loc":{"start":{"line":151,"column":1},"end":{"line":153,"column":1}}},"18":{"name":"setPlatformReward","line":155,"loc":{"start":{"line":155,"column":1},"end":{"line":157,"column":1}}},"19":{"name":"setPlatformVaultAddress","line":159,"loc":{"start":{"line":159,"column":1},"end":{"line":161,"column":1}}},"20":{"name":"pause","line":163,"loc":{"start":{"line":163,"column":1},"end":{"line":165,"column":1}}},"21":{"name":"unpause","line":167,"loc":{"start":{"line":167,"column":1},"end":{"line":169,"column":1}}}},"statementMap":{"1":{"start":{"line":60,"column":2},"end":{"line":60,"column":74}},"2":{"start":{"line":63,"column":2},"end":{"line":63,"column":74}},"3":{"start":{"line":64,"column":2},"end":{"line":64,"column":110}},"4":{"start":{"line":67,"column":2},"end":{"line":67,"column":104}},"5":{"start":{"line":70,"column":2},"end":{"line":70,"column":61}},"6":{"start":{"line":71,"column":2},"end":{"line":71,"column":79}},"7":{"start":{"line":74,"column":2},"end":{"line":74,"column":87}},"8":{"start":{"line":77,"column":2},"end":{"line":77,"column":68}},"9":{"start":{"line":79,"column":2},"end":{"line":79,"column":113}},"10":{"start":{"line":80,"column":2},"end":{"line":80,"column":82}},"11":{"start":{"line":83,"column":2},"end":{"line":83,"column":37}},"12":{"start":{"line":87,"column":2},"end":{"line":87,"column":10}},"13":{"start":{"line":95,"column":2},"end":{"line":95,"column":31}},"14":{"start":{"line":96,"column":2},"end":{"line":96,"column":41}},"15":{"start":{"line":97,"column":2},"end":{"line":97,"column":49}},"16":{"start":{"line":101,"column":2},"end":{"line":101,"column":52}},"17":{"start":{"line":105,"column":2},"end":{"line":105,"column":56}},"18":{"start":{"line":109,"column":2},"end":{"line":109,"column":104}},"19":{"start":{"line":113,"column":2},"end":{"line":113,"column":100}},"20":{"start":{"line":117,"column":2},"end":{"line":117,"column":24}},"21":{"start":{"line":121,"column":2},"end":{"line":121,"column":28}},"22":{"start":{"line":125,"column":2},"end":{"line":125,"column":30}},"23":{"start":{"line":129,"column":2},"end":{"line":129,"column":13}},"24":{"start":{"line":134,"column":2},"end":{"line":134,"column":23}},"25":{"start":{"line":138,"column":2},"end":{"line":138,"column":20}},"26":{"start":{"line":142,"column":2},"end":{"line":142,"column":28}},"27":{"start":{"line":146,"column":2},"end":{"line":146,"column":52}},"28":{"start":{"line":152,"column":2},"end":{"line":152,"column":33}},"29":{"start":{"line":156,"column":2},"end":{"line":156,"column":41}},"30":{"start":{"line":160,"column":2},"end":{"line":160,"column":37}},"31":{"start":{"line":164,"column":2},"end":{"line":164,"column":9}},"32":{"start":{"line":168,"column":2},"end":{"line":168,"column":11}}},"branchMap":{"1":{"line":60,"type":"if","locations":[{"start":{"line":60,"column":2},"end":{"line":60,"column":2}},{"start":{"line":60,"column":2},"end":{"line":60,"column":2}}]},"2":{"line":67,"type":"if","locations":[{"start":{"line":67,"column":2},"end":{"line":67,"column":2}},{"start":{"line":67,"column":2},"end":{"line":67,"column":2}}]},"3":{"line":74,"type":"if","locations":[{"start":{"line":74,"column":2},"end":{"line":74,"column":2}},{"start":{"line":74,"column":2},"end":{"line":74,"column":2}}]},"4":{"line":79,"type":"if","locations":[{"start":{"line":79,"column":2},"end":{"line":79,"column":2}},{"start":{"line":79,"column":2},"end":{"line":79,"column":2}}]}}},
"contracts\\token\\UnlimitedApprovalERC20.sol":{"l":{"31":83,"33":81,"34":78,"45":80},"path":"C:\\Users\\l3p\\Code\\kingmaker\\protocol\\contracts\\token\\UnlimitedApprovalERC20.sol","s":{"1":83,"2":81,"3":78,"4":80},"b":{"1":[78,3]},"f":{"1":83},"fnMap":{"1":{"name":"transferFrom","line":26,"loc":{"start":{"line":26,"column":1},"end":{"line":46,"column":1}}}},"statementMap":{"1":{"start":{"line":31,"column":2},"end":{"line":31,"column":37}},"2":{"start":{"line":33,"column":2},"end":{"line":33,"column":1043}},"3":{"start":{"line":34,"column":3},"end":{"line":34,"column":1107}},"4":{"start":{"line":45,"column":2},"end":{"line":45,"column":13}}},"branchMap":{"1":{"line":33,"type":"if","locations":[{"start":{"line":33,"column":2},"end":{"line":33,"column":2}},{"start":{"line":33,"column":2},"end":{"line":33,"column":2}}]}}}}
