TN:
SF:C:\Users\l3p\Code\kingmaker\protocol\contracts\__oz__\access\Ownable.sol
FN:27,constructor
FN:36,owner
FN:43,onlyOwner
FN:55,renounceOwnership
FN:64,transferOwnership
FNF:5
FNH:3
FNDA:231,constructor
FNDA:190,owner
FNDA:190,onlyOwner
FNDA:0,renounceOwnership
FNDA:0,transferOwnership
DA:28,231
DA:29,231
DA:30,231
DA:37,190
DA:44,190
DA:45,187
DA:56,0
DA:57,0
DA:65,0
DA:66,0
DA:67,0
LF:11
LH:6
BRDA:44,1,0,187
BRDA:44,1,1,3
BRDA:65,2,0,0
BRDA:65,2,1,0
BRF:4
BRH:2
end_of_record
TN:
SF:C:\Users\l3p\Code\kingmaker\protocol\contracts\__oz__\math\SafeMath.sol
FN:14,tryAdd
FN:27,trySub
FN:39,tryMul
FN:56,tryDiv
FN:68,tryMod
FN:85,add
FN:99,sub
FN:113,mul
FN:127,div
FN:143,mod
FN:160,sub
FN:187,div
FN:213,mod
FNF:13
FNH:6
FNDA:0,tryAdd
FNDA:0,trySub
FNDA:0,tryMul
FNDA:0,tryDiv
FNDA:0,tryMod
FNDA:140,add
FNDA:273,sub
FNDA:225,mul
FNDA:225,div
FNDA:37,mod
FNDA:78,sub
FNDA:0,div
FNDA:0,mod
DA:15,0
DA:28,0
DA:40,0
DA:57,0
DA:69,0
DA:86,140
DA:100,273
DA:114,225
DA:128,225
DA:144,37
DA:165,78
DA:192,0
DA:218,0
LF:13
LH:6
BRF:0
BRH:0
end_of_record
TN:
SF:C:\Users\l3p\Code\kingmaker\protocol\contracts\__oz__\token\ERC20\ERC20.sol
FN:51,constructor
FN:59,name
FN:67,symbol
FN:84,decimals
FN:91,totalSupply
FN:98,balanceOf
FN:110,transfer
FN:118,allowance
FN:129,approve
FN:147,transferFrom
FN:173,increaseAllowance
FN:192,decreaseAllowance
FN:214,_transfer
FN:241,_mint
FN:262,_burn
FN:288,_approve
FN:314,_beforeTokenTransfer
FNF:17
FNH:11
FNDA:528,constructor
FNDA:0,name
FNDA:0,symbol
FNDA:0,decimals
FNDA:219,totalSupply
FNDA:309,balanceOf
FNDA:110,transfer
FNDA:161,allowance
FNDA:85,approve
FNDA:0,transferFrom
FNDA:0,increaseAllowance
FNDA:0,decreaseAllowance
FNDA:193,_transfer
FNDA:279,_mint
FNDA:83,_burn
FNDA:162,_approve
FNDA:555,_beforeTokenTransfer
DA:52,528
DA:53,528
DA:60,0
DA:68,0
DA:85,0
DA:92,219
DA:99,309
DA:111,110
DA:112,110
DA:119,161
DA:130,85
DA:131,85
DA:152,0
DA:154,0
DA:155,0
DA:156,0
DA:158,0
DA:174,0
DA:175,0
DA:193,0
DA:194,0
DA:195,0
DA:197,0
DA:219,193
DA:220,193
DA:222,193
DA:224,193
DA:225,193
DA:226,191
DA:227,191
DA:229,191
DA:242,279
DA:244,279
DA:246,279
DA:247,279
DA:248,279
DA:263,83
DA:265,83
DA:267,83
DA:268,83
DA:269,81
DA:270,81
DA:272,81
DA:293,162
DA:294,162
DA:296,162
DA:297,162
LF:47
LH:33
BRDA:155,1,0,0
BRDA:155,1,1,0
BRDA:194,2,0,0
BRDA:194,2,1,0
BRDA:219,3,0,193
BRDA:219,3,1,0
BRDA:220,4,0,193
BRDA:220,4,1,0
BRDA:225,5,0,191
BRDA:225,5,1,2
BRDA:242,6,0,279
BRDA:242,6,1,0
BRDA:263,7,0,83
BRDA:263,7,1,0
BRDA:268,8,0,81
BRDA:268,8,1,2
BRDA:293,9,0,162
BRDA:293,9,1,0
BRDA:294,10,0,162
BRDA:294,10,1,0
BRF:20
BRH:10
end_of_record
TN:
SF:C:\Users\l3p\Code\kingmaker\protocol\contracts\__oz__\token\ERC20\IERC20.sol
FNF:0
FNH:0
LF:0
LH:0
BRF:0
BRH:0
end_of_record
TN:
SF:C:\Users\l3p\Code\kingmaker\protocol\contracts\__oz__\utils\Context.sol
FN:16,_msgSender
FN:20,_msgData
FNF:2
FNH:1
FNDA:854,_msgSender
FNDA:0,_msgData
DA:17,854
DA:21,0
DA:22,0
LF:3
LH:1
BRF:0
BRH:0
end_of_record
TN:
SF:C:\Users\l3p\Code\kingmaker\protocol\contracts\__oz__\utils\Pausable.sol
FN:32,constructor
FN:39,paused
FN:50,whenNotPaused
FN:62,whenPaused
FN:74,_pause
FN:86,_unpause
FNF:6
FNH:4
FNDA:96,constructor
FNDA:21,paused
FNDA:15,whenNotPaused
FNDA:0,whenPaused
FNDA:1,_pause
FNDA:0,_unpause
DA:33,96
DA:40,21
DA:51,15
DA:52,15
DA:63,0
DA:64,0
DA:75,1
DA:76,1
DA:87,0
DA:88,0
LF:10
LH:6
BRDA:51,1,0,15
BRDA:51,1,1,0
BRDA:63,2,0,0
BRDA:63,2,1,0
BRF:4
BRH:1
end_of_record
TN:
SF:C:\Users\l3p\Code\kingmaker\protocol\contracts\__oz__\utils\ReentrancyGuard.sol
FN:38,constructor
FN:49,nonReentrant
FNF:2
FNH:2
FNDA:336,constructor
FNDA:238,nonReentrant
DA:39,336
DA:51,238
DA:54,238
DA:56,238
DA:60,234
LF:5
LH:5
BRDA:51,1,0,238
BRDA:51,1,1,0
BRF:2
BRH:1
end_of_record
TN:
SF:C:\Users\l3p\Code\kingmaker\protocol\contracts\common\invoke\IInvocationHook.sol
FNF:0
FNH:0
LF:0
LH:0
BRF:0
BRH:0
end_of_record
TN:
SF:C:\Users\l3p\Code\kingmaker\protocol\contracts\common\invoke\IInvokable.sol
FNF:0
FNH:0
LF:0
LH:0
BRF:0
BRH:0
end_of_record
TN:
SF:C:\Users\l3p\Code\kingmaker\protocol\contracts\common\invoke\IInvoker.sol
FNF:0
FNH:0
LF:0
LH:0
BRF:0
BRH:0
end_of_record
TN:
SF:C:\Users\l3p\Code\kingmaker\protocol\contracts\common\invoke\KingmakerInvokable.sol
FN:32,constructor
FN:34,repay
FN:41,currentSender
FN:45,currentTokenAddress
FN:49,currentTokenAmount
FN:53,currentRepaymentAmount
FN:57,isCurrentTokenEther
FN:61,repaymentSafeguard
FNF:8
FNH:8
FNDA:96,constructor
FNDA:20,repay
FNDA:22,currentSender
FNDA:66,currentTokenAddress
FNDA:62,currentTokenAmount
FNDA:62,currentRepaymentAmount
FNDA:22,isCurrentTokenEther
FNDA:20,repaymentSafeguard
DA:35,20
DA:42,22
DA:46,66
DA:50,62
DA:54,62
DA:58,22
DA:62,20
DA:64,20
DA:65,20
LF:9
LH:9
BRDA:35,1,0,20
BRDA:35,1,1,0
BRDA:64,2,0,20
BRDA:64,2,1,0
BRF:4
BRH:2
end_of_record
TN:
SF:C:\Users\l3p\Code\kingmaker\protocol\contracts\common\utils\BalanceCarrier.sol
FN:28,constructor
FN:32,transfer
FN:45,balanceOf
FNF:3
FNH:3
FNDA:231,constructor
FNDA:58,transfer
FNDA:27,balanceOf
DA:29,231
DA:37,58
DA:38,46
DA:39,46
DA:41,12
DA:46,27
DA:47,27
DA:49,0
LF:8
LH:7
BRDA:37,1,0,46
BRDA:37,1,1,12
BRDA:46,2,0,27
BRDA:46,2,1,0
BRF:4
BRH:3
end_of_record
TN:
SF:C:\Users\l3p\Code\kingmaker\protocol\contracts\common\utils\ExtendedMath.sol
FN:28,divAndRound
FNF:1
FNH:1
FNDA:79,divAndRound
DA:33,79
DA:34,79
LF:2
LH:2
BRF:0
BRH:0
end_of_record
TN:
SF:C:\Users\l3p\Code\kingmaker\protocol\contracts\common\utils\ExternalCaller.sol
FN:23,externalTransfer
FN:28,externalCall
FNF:2
FNH:2
FNDA:93,externalTransfer
FNDA:93,externalCall
DA:24,93
DA:25,93
DA:33,93
DA:34,93
LF:4
LH:4
BRDA:24,1,0,93
BRDA:24,1,1,0
BRDA:34,2,0,93
BRDA:34,2,1,0
BRF:4
BRH:2
end_of_record
TN:
SF:C:\Users\l3p\Code\kingmaker\protocol\contracts\common\utils\IWETH9.sol
FNF:0
FNH:0
LF:0
LH:0
BRF:0
BRH:0
end_of_record
TN:
SF:C:\Users\l3p\Code\kingmaker\protocol\contracts\common\utils\WETHHandler.sol
FN:27,constructor
FN:31,wrap
FN:36,unwrap
FNF:3
FNH:3
FNDA:45,constructor
FNDA:9,wrap
FNDA:9,unwrap
DA:28,45
DA:32,9
DA:33,9
DA:37,9
DA:38,9
DA:39,9
LF:6
LH:6
BRDA:32,1,0,9
BRDA:32,1,1,0
BRDA:38,2,0,9
BRDA:38,2,1,0
BRF:4
BRH:2
end_of_record
TN:
SF:C:\Users\l3p\Code\kingmaker\protocol\contracts\Greeter.sol
FN:9,constructor
FN:14,greet
FN:18,setGreeting
FNF:3
FNH:0
FNDA:0,constructor
FNDA:0,greet
FNDA:0,setGreeting
DA:10,0
DA:11,0
DA:15,0
DA:19,0
DA:20,0
LF:5
LH:0
BRF:0
BRH:0
end_of_record
TN:
SF:C:\Users\l3p\Code\kingmaker\protocol\contracts\Invoker.sol
FN:56,constructor
FN:63,invoke
FN:76,invokeNext
FN:81,invokeCallback
FN:90,invokeFinal
FN:111,disburseReward
FN:132,scheduleExecution
FN:179,cleanSchedule
FN:200,currentSender
FN:204,currentTokenAddress
FN:208,currentTokenAmount
FN:212,currentRepaymentAmount
FN:216,estimateRepaymentAmount
FN:245,calculatePoolReward
FN:249,calculatePlatformReward
FN:253,poolReward
FN:257,poolRewardAddress
FN:261,platformReward
FN:265,platformVaultAddress
FN:269,setPoolReward
FN:273,setPoolRewardAddress
FN:277,setPlatformReward
FN:281,setPlatformVaultAddress
FN:289,payableReserveAdjustment
FN:297,setLiquidityProxies
FN:301,liquidityProxies
FN:305,isTokenAddressRegistered
FN:309,liquidityProxy
FN:313,liquidityProxiesForToken
FN:317,totalLiquidity
FN:330,removeStuckTokens
FN:338,onlyFresh
FN:343,onlyScheduled
FN:348,
FNF:34
FNH:27
FNDA:45,constructor
FNDA:9,invoke
FNDA:9,invokeNext
FNDA:9,invokeCallback
FNDA:9,invokeFinal
FNDA:9,disburseReward
FNDA:9,scheduleExecution
FNDA:9,cleanSchedule
FNDA:9,currentSender
FNDA:27,currentTokenAddress
FNDA:27,currentTokenAmount
FNDA:27,currentRepaymentAmount
FNDA:4,estimateRepaymentAmount
FNDA:11,calculatePoolReward
FNDA:11,calculatePlatformReward
FNDA:0,poolReward
FNDA:0,poolRewardAddress
FNDA:0,platformReward
FNDA:0,platformVaultAddress
FNDA:15,setPoolReward
FNDA:0,setPoolRewardAddress
FNDA:15,setPlatformReward
FNDA:15,setPlatformVaultAddress
FNDA:18,payableReserveAdjustment
FNDA:15,setLiquidityProxies
FNDA:0,liquidityProxies
FNDA:15,isTokenAddressRegistered
FNDA:30,liquidityProxy
FNDA:12,liquidityProxiesForToken
FNDA:2,totalLiquidity
FNDA:0,removeStuckTokens
FNDA:69,onlyFresh
FNDA:9,onlyScheduled
FNDA:18,
DA:64,9
DA:65,9
DA:67,9
DA:69,9
DA:71,9
DA:73,9
DA:77,9
DA:78,9
DA:82,9
DA:83,9
DA:84,9
DA:86,0
DA:91,9
DA:92,9
DA:93,9
DA:94,9
DA:96,9
DA:97,9
DA:99,9
DA:100,9
DA:102,9
DA:103,9
DA:104,9
DA:112,9
DA:113,9
DA:114,0
DA:119,9
DA:120,9
DA:125,9
DA:140,9
DA:141,9
DA:142,9
DA:143,9
DA:144,9
DA:145,9
DA:146,9
DA:148,9
DA:149,9
DA:150,12
DA:151,12
DA:152,12
DA:153,3
DA:155,9
DA:156,9
DA:157,9
DA:158,9
DA:159,9
DA:160,9
DA:161,9
DA:163,0
DA:164,0
DA:165,0
DA:166,0
DA:167,0
DA:170,9
DA:172,9
DA:173,9
DA:174,9
DA:176,9
DA:180,9
DA:181,9
DA:182,9
DA:183,9
DA:184,9
DA:185,9
DA:186,9
DA:187,9
DA:188,9
DA:189,9
DA:190,9
DA:191,9
DA:192,9
DA:193,9
DA:201,9
DA:205,27
DA:209,27
DA:213,27
DA:217,4
DA:219,3
DA:220,3
DA:222,3
DA:223,5
DA:224,5
DA:225,5
DA:226,2
DA:227,2
DA:228,2
DA:229,2
DA:231,3
DA:232,3
DA:233,3
DA:236,3
DA:238,2
DA:246,11
DA:250,11
DA:254,0
DA:258,0
DA:262,0
DA:266,0
DA:270,15
DA:274,0
DA:278,15
DA:282,15
DA:290,18
DA:298,15
DA:302,0
DA:306,15
DA:310,30
DA:314,12
DA:318,2
DA:319,1
DA:320,1
DA:321,2
DA:322,2
DA:324,1
DA:326,1
DA:331,0
DA:339,69
DA:340,69
DA:344,9
DA:345,9
LF:121
LH:107
BRDA:64,1,0,9
BRDA:64,1,1,0
BRDA:65,2,0,9
BRDA:65,2,1,0
BRDA:83,3,0,9
BRDA:83,3,1,0
BRDA:93,4,0,9
BRDA:93,4,1,0
BRDA:94,5,0,9
BRDA:94,5,1,0
BRDA:100,6,0,9
BRDA:100,6,1,0
BRDA:104,7,0,9
BRDA:104,7,1,0
BRDA:113,8,0,0
BRDA:113,8,1,9
BRDA:114,9,0,0
BRDA:114,9,1,0
BRDA:119,10,0,9
BRDA:119,10,1,0
BRDA:120,11,0,9
BRDA:120,11,1,0
BRDA:152,12,0,3
BRDA:152,12,1,9
BRDA:155,13,0,9
BRDA:155,13,1,0
BRDA:170,14,0,9
BRDA:170,14,1,0
BRDA:217,15,0,3
BRDA:217,15,1,1
BRDA:225,16,0,2
BRDA:225,16,1,3
BRDA:236,17,0,2
BRDA:236,17,1,1
BRDA:318,18,0,1
BRDA:318,18,1,1
BRDA:339,19,0,69
BRDA:339,19,1,0
BRDA:344,20,0,9
BRDA:344,20,1,0
BRF:40
BRH:24
end_of_record
TN:
SF:C:\Users\l3p\Code\kingmaker\protocol\contracts\liquidity\aave\AaveLiquidityProxy.sol
FN:41,constructor
FN:45,getRepaymentAddress
FN:49,getTotalReserve
FN:59,getRepaymentAmount
FN:68,borrow
FN:77,executeOperation
FN:91,isRegistered
FN:96,remapTokenAddress
FN:100,
FNF:9
FNH:0
FNDA:0,constructor
FNDA:0,getRepaymentAddress
FNDA:0,getTotalReserve
FNDA:0,getRepaymentAmount
FNDA:0,borrow
FNDA:0,executeOperation
FNDA:0,isRegistered
FNDA:0,remapTokenAddress
FNDA:0,
DA:42,0
DA:46,0
DA:50,0
DA:52,0
DA:53,0
DA:56,0
DA:60,0
DA:62,0
DA:64,0
DA:65,0
DA:69,0
DA:71,0
DA:72,0
DA:74,0
DA:83,0
DA:85,0
DA:87,0
DA:88,0
DA:92,0
DA:93,0
DA:97,0
LF:21
LH:0
BRDA:52,1,0,0
BRDA:52,1,1,0
BRDA:83,2,0,0
BRDA:83,2,1,0
BRDA:85,3,0,0
BRDA:85,3,1,0
BRF:6
BRH:0
end_of_record
TN:
SF:C:\Users\l3p\Code\kingmaker\protocol\contracts\liquidity\aave\ILendingPool.sol
FNF:0
FNH:0
LF:0
LH:0
BRF:0
BRH:0
end_of_record
TN:
SF:C:\Users\l3p\Code\kingmaker\protocol\contracts\liquidity\aave\ILendingPoolAddressesProvider.sol
FNF:0
FNH:0
LF:0
LH:0
BRF:0
BRH:0
end_of_record
TN:
SF:C:\Users\l3p\Code\kingmaker\protocol\contracts\liquidity\aave\ILendingPoolCore.sol
FNF:0
FNH:0
LF:0
LH:0
BRF:0
BRH:0
end_of_record
TN:
SF:C:\Users\l3p\Code\kingmaker\protocol\contracts\liquidity\aave\ILendingPoolParametersProvider.sol
FNF:0
FNH:0
LF:0
LH:0
BRF:0
BRH:0
end_of_record
TN:
SF:C:\Users\l3p\Code\kingmaker\protocol\contracts\liquidity\dydx\ICallee.sol
FNF:0
FNH:0
LF:0
LH:0
BRF:0
BRH:0
end_of_record
TN:
SF:C:\Users\l3p\Code\kingmaker\protocol\contracts\liquidity\dydx\ISoloMargin.sol
FNF:0
FNH:0
LF:0
LH:0
BRF:0
BRH:0
end_of_record
TN:
SF:C:\Users\l3p\Code\kingmaker\protocol\contracts\liquidity\dydx\SoloLiquidityProxy.sol
FN:58,constructor
FN:63,registerPool
FN:73,deregisterPool
FN:82,getRepaymentAddress
FN:86,getTotalReserve
FN:94,getRepaymentAmount
FN:98,getRepaymentAmountInternal
FN:103,borrow
FN:123,callFunction
FN:147,getAccountInfo
FN:151,getWithdrawAction
FN:174,getDepositAction
FN:197,getCallAction
FN:211,isRegistered
FN:215,marketIdFromTokenAddress
FN:219,remapTokenAddress
FN:223,unmapTokenAddress
FN:227,isClosing
FN:232,
FNF:19
FNH:18
FNDA:45,constructor
FNDA:15,registerPool
FNDA:0,deregisterPool
FNDA:9,getRepaymentAddress
FNDA:13,getTotalReserve
FNDA:9,getRepaymentAmount
FNDA:27,getRepaymentAmountInternal
FNDA:9,borrow
FNDA:9,callFunction
FNDA:9,getAccountInfo
FNDA:9,getWithdrawAction
FNDA:9,getDepositAction
FNDA:9,getCallAction
FNDA:13,isRegistered
FNDA:45,marketIdFromTokenAddress
FNDA:25,remapTokenAddress
FNDA:15,unmapTokenAddress
FNDA:13,isClosing
FNDA:18,
DA:60,45
DA:64,15
DA:65,15
DA:67,15
DA:68,15
DA:69,15
DA:70,15
DA:74,0
DA:76,0
DA:77,0
DA:78,0
DA:79,0
DA:83,9
DA:87,13
DA:88,10
DA:91,3
DA:95,9
DA:100,27
DA:104,9
DA:105,9
DA:106,9
DA:108,9
DA:109,9
DA:110,9
DA:111,9
DA:112,9
DA:113,9
DA:114,9
DA:116,9
DA:118,9
DA:119,9
DA:120,9
DA:128,9
DA:130,9
DA:131,9
DA:134,9
DA:139,9
DA:140,9
DA:142,9
DA:143,9
DA:148,9
DA:156,9
DA:179,9
DA:198,9
DA:212,13
DA:216,45
DA:220,25
DA:224,15
DA:228,13
DA:229,13
LF:50
LH:45
BRDA:65,1,0,15
BRDA:65,1,1,0
BRDA:87,2,0,10
BRDA:87,2,1,3
BRDA:128,3,0,9
BRDA:128,3,1,0
BRDA:130,4,0,9
BRDA:130,4,1,0
BRDA:134,5,0,9
BRDA:134,5,1,0
BRDA:142,6,0,9
BRDA:142,6,1,0
BRF:12
BRH:7
end_of_record
TN:
SF:C:\Users\l3p\Code\kingmaker\protocol\contracts\liquidity\dydx\Types.sol
FNF:0
FNH:0
LF:0
LH:0
BRF:0
BRH:0
end_of_record
TN:
SF:C:\Users\l3p\Code\kingmaker\protocol\contracts\liquidity\ILiquidityProxy.sol
FNF:0
FNH:0
LF:0
LH:0
BRF:0
BRH:0
end_of_record
TN:
SF:C:\Users\l3p\Code\kingmaker\protocol\contracts\liquidity\kingmaker\KingmakerLiquidityProxy.sol
FN:37,constructor
FN:39,registerPool
FN:43,deregisterPool
FN:47,getRepaymentAddress
FN:51,getTotalReserve
FN:59,getRepaymentAmount
FN:64,borrow
FN:77,execute
FN:89,poolAddress
FN:93,isRegistered
FN:97,isPaused
FN:101,
FNF:12
FNH:7
FNDA:45,constructor
FNDA:15,registerPool
FNDA:0,deregisterPool
FNDA:0,getRepaymentAddress
FNDA:6,getTotalReserve
FNDA:5,getRepaymentAmount
FNDA:0,borrow
FNDA:0,execute
FNDA:23,poolAddress
FNDA:6,isRegistered
FNDA:6,isPaused
FNDA:0,
DA:40,15
DA:44,0
DA:48,0
DA:52,6
DA:53,6
DA:54,6
DA:56,0
DA:60,5
DA:61,5
DA:65,0
DA:66,0
DA:67,0
DA:69,0
DA:70,0
DA:72,0
DA:73,0
DA:74,0
DA:78,0
DA:80,0
DA:85,0
DA:86,0
DA:90,23
DA:94,6
DA:98,6
LF:24
LH:9
BRDA:52,1,0,6
BRDA:52,1,1,0
BRDA:78,2,0,0
BRDA:78,2,1,0
BRDA:80,3,0,0
BRDA:80,3,1,0
BRF:6
BRH:1
end_of_record
TN:
SF:C:\Users\l3p\Code\kingmaker\protocol\contracts\testing\InvokableCatcher.sol
FN:23,constructor
FN:27,invokeCatch
FNF:2
FNH:0
FNDA:0,constructor
FNDA:0,invokeCatch
DA:28,0
LF:1
LH:0
BRF:0
BRH:0
end_of_record
TN:
SF:C:\Users\l3p\Code\kingmaker\protocol\contracts\testing\MockSoloMargin.sol
FN:38,constructor
FN:45,operate
FN:115,getMarketIsClosing
FN:119,setClosed
FN:123,getMarketTokenAddress
FN:127,repaymentFee
FN:131,transfer
FN:139,transferFrom
FN:148,balanceOf
FN:152,
FNF:10
FNH:9
FNDA:45,constructor
FNDA:9,operate
FNDA:13,getMarketIsClosing
FNDA:3,setClosed
FNDA:15,getMarketTokenAddress
FNDA:18,repaymentFee
FNDA:9,transfer
FNDA:9,transferFrom
FNDA:18,balanceOf
FNDA:0,
DA:39,45
DA:40,45
DA:42,45
DA:47,9
DA:48,9
DA:49,9
DA:50,9
DA:53,9
DA:54,9
DA:55,9
DA:57,9
DA:58,9
DA:62,9
DA:64,9
DA:65,9
DA:66,9
DA:69,9
DA:70,9
DA:71,9
DA:72,9
DA:75,9
DA:76,9
DA:78,9
DA:79,9
DA:80,9
DA:81,9
DA:85,9
DA:87,9
DA:88,9
DA:89,9
DA:91,9
DA:93,9
DA:95,9
DA:101,9
DA:102,9
DA:104,9
DA:109,9
DA:110,9
DA:111,9
DA:112,9
DA:116,13
DA:120,3
DA:124,15
DA:128,18
DA:136,9
DA:145,9
DA:149,18
LF:47
LH:47
BRDA:47,1,0,9
BRDA:47,1,1,0
BRDA:48,2,0,9
BRDA:48,2,1,0
BRDA:57,3,0,9
BRDA:57,3,1,0
BRDA:58,4,0,9
BRDA:58,4,1,0
BRDA:62,5,0,9
BRDA:62,5,1,0
BRDA:64,6,0,9
BRDA:64,6,1,0
BRDA:65,7,0,9
BRDA:65,7,1,0
BRDA:66,8,0,9
BRDA:66,8,1,0
BRDA:70,9,0,9
BRDA:70,9,1,0
BRDA:71,10,0,9
BRDA:71,10,1,0
BRDA:72,11,0,9
BRDA:72,11,1,0
BRDA:76,12,0,9
BRDA:76,12,1,0
BRDA:79,13,0,9
BRDA:79,13,1,0
BRDA:80,14,0,9
BRDA:80,14,1,0
BRDA:81,15,0,9
BRDA:81,15,1,0
BRDA:85,16,0,9
BRDA:85,16,1,0
BRDA:87,17,0,9
BRDA:87,17,1,0
BRDA:88,18,0,9
BRDA:88,18,1,0
BRDA:89,19,0,9
BRDA:89,19,1,0
BRDA:104,20,0,9
BRDA:104,20,1,0
BRF:40
BRH:20
end_of_record
TN:
SF:C:\Users\l3p\Code\kingmaker\protocol\contracts\testing\TestCollateralizedERC20.sol
FN:30,constructor
FNF:1
FNH:1
FNDA:123,constructor
LF:0
LH:0
BRF:0
BRH:0
end_of_record
TN:
SF:C:\Users\l3p\Code\kingmaker\protocol\contracts\testing\TestCollateralizedEther.sol
FN:25,constructor
FNF:1
FNH:1
FNDA:117,constructor
LF:0
LH:0
BRF:0
BRH:0
end_of_record
TN:
SF:C:\Users\l3p\Code\kingmaker\protocol\contracts\testing\TestInvokable.sol
FN:25,constructor
FN:38,invoke
FN:42,execute
FN:64,executeNoop
FN:68,executeRepayAmount
FN:72,executeInvoke
FN:77,executePayable
FN:82,emitHelper
FN:93,
FNF:9
FNH:7
FNDA:96,constructor
FNDA:0,invoke
FNDA:22,execute
FNDA:15,executeNoop
FNDA:2,executeRepayAmount
FNDA:0,executeInvoke
FNDA:5,executePayable
FNDA:22,emitHelper
FNDA:58,
DA:39,0
DA:43,22
DA:45,22
DA:46,15
DA:49,7
DA:50,7
DA:51,2
DA:52,2
DA:54,5
DA:55,0
DA:56,0
DA:58,5
DA:59,5
DA:60,5
DA:65,15
DA:69,2
DA:73,0
DA:74,0
DA:78,5
DA:79,5
DA:83,22
LF:21
LH:16
BRDA:45,1,0,15
BRDA:45,1,1,7
BRDA:50,2,0,2
BRDA:50,2,1,5
BRDA:54,3,0,0
BRDA:54,3,1,5
BRDA:58,4,0,5
BRDA:58,4,1,0
BRDA:78,5,0,5
BRDA:78,5,1,0
BRF:10
BRH:7
end_of_record
TN:
SF:C:\Users\l3p\Code\kingmaker\protocol\contracts\testing\TestOnChainInvokable.sol
FN:29,constructor
FN:40,execute
FN:45,emitHelper
FN:56,withdraw
FN:60,
FNF:5
FNH:0
FNDA:0,constructor
FNDA:0,execute
FNDA:0,emitHelper
FNDA:0,withdraw
FNDA:0,
DA:41,0
DA:42,0
DA:46,0
DA:57,0
LF:4
LH:0
BRF:0
BRH:0
end_of_record
TN:
SF:C:\Users\l3p\Code\kingmaker\protocol\contracts\testing\TestToken.sol
FN:25,constructor
FN:30,mint
FNF:2
FNH:2
FNDA:192,constructor
FNDA:137,mint
DA:31,137
DA:32,137
LF:2
LH:2
BRF:0
BRH:0
end_of_record
TN:
SF:C:\Users\l3p\Code\kingmaker\protocol\contracts\testing\WETH9.sol
FN:31,
FN:35,deposit
FN:40,withdraw
FN:47,totalSupply
FN:51,approve
FN:57,transfer
FN:61,transferFrom
FNF:7
FNH:5
FNDA:0,
FNDA:24,deposit
FNDA:9,withdraw
FNDA:0,totalSupply
FNDA:15,approve
FNDA:24,transfer
FNDA:33,transferFrom
DA:32,0
DA:36,24
DA:37,24
DA:41,9
DA:42,9
DA:43,9
DA:44,9
DA:48,0
DA:52,15
DA:53,15
DA:54,15
DA:58,24
DA:66,33
DA:68,33
DA:69,0
DA:70,0
DA:73,33
DA:74,33
DA:76,33
DA:78,33
LF:20
LH:16
BRDA:41,1,0,9
BRDA:41,1,1,0
BRDA:66,2,0,33
BRDA:66,2,1,0
BRDA:68,3,0,0
BRDA:68,3,1,33
BRDA:69,4,0,0
BRDA:69,4,1,0
BRF:8
BRH:3
end_of_record
TN:
SF:C:\Users\l3p\Code\kingmaker\protocol\contracts\token\CollateralizedERC20.sol
FN:28,mint
FN:37,transferUnderlying
FN:41,isUnderlyingEther
FN:45,totalReserve
FNF:4
FNH:4
FNDA:77,mint
FNDA:58,transferUnderlying
FNDA:1,isUnderlyingEther
FNDA:269,totalReserve
DA:29,77
DA:30,77
DA:34,75
DA:38,58
DA:42,1
DA:46,269
LF:6
LH:6
BRDA:30,1,0,75
BRDA:30,1,1,2
BRF:2
BRH:2
end_of_record
TN:
SF:C:\Users\l3p\Code\kingmaker\protocol\contracts\token\CollateralizedEther.sol
FN:29,constructor
FN:31,mint
FN:35,transferUnderlying
FN:41,isUnderlyingEther
FN:45,totalReserve
FNF:5
FNH:5
FNDA:165,constructor
FNDA:67,mint
FNDA:47,transferUnderlying
FNDA:1,isUnderlyingEther
FNDA:209,totalReserve
DA:32,67
DA:36,47
DA:37,47
DA:38,47
DA:42,1
DA:46,209
LF:6
LH:6
BRDA:36,1,0,47
BRDA:36,1,1,0
BRF:2
BRH:1
end_of_record
TN:
SF:C:\Users\l3p\Code\kingmaker\protocol\contracts\token\CollateralizedToken.sol
FN:35,constructor
FN:43,redeem
FN:48,redeemUnderlying
FN:53,mintInternal
FN:66,redeemInternal
FN:80,nativeAmountToUnderlyingAmount
FN:88,underlyingAmountToNativeAmount
FN:92,underlyingAmountToNativeAmountInternal
FN:112,balanceOfUnderlying
FN:116,underlying
FNF:10
FNH:9
FNDA:336,constructor
FNDA:47,redeem
FNDA:40,redeemUnderlying
FNDA:142,mintInternal
FNDA:83,redeemInternal
FNDA:47,nativeAmountToUnderlyingAmount
FNDA:0,underlyingAmountToNativeAmount
FNDA:79,underlyingAmountToNativeAmountInternal
FNDA:1,balanceOfUnderlying
FNDA:428,underlying
DA:36,336
DA:44,47
DA:45,46
DA:49,40
DA:50,37
DA:54,142
DA:55,142
DA:56,42
DA:58,100
DA:60,142
DA:61,142
DA:63,142
DA:67,83
DA:68,81
DA:69,81
DA:71,81
DA:81,47
DA:82,1
DA:85,46
DA:89,0
DA:97,79
DA:98,0
DA:102,79
DA:105,79
DA:113,1
DA:117,428
LF:26
LH:24
BRDA:44,1,0,46
BRDA:44,1,1,1
BRDA:49,2,0,37
BRDA:49,2,1,3
BRDA:55,3,0,42
BRDA:55,3,1,100
BRDA:68,4,0,81
BRDA:68,4,1,0
BRDA:81,5,0,1
BRDA:81,5,1,46
BRDA:97,6,0,0
BRDA:97,6,1,79
BRF:12
BRH:10
end_of_record
TN:
SF:C:\Users\l3p\Code\kingmaker\protocol\contracts\token\ktoken\KERC20.sol
FN:30,constructor
FNF:1
FNH:1
FNDA:48,constructor
LF:0
LH:0
BRF:0
BRH:0
end_of_record
TN:
SF:C:\Users\l3p\Code\kingmaker\protocol\contracts\token\ktoken\KEther.sol
FN:27,constructor
FN:29,payableReserveAdjustment
FNF:2
FNH:2
FNDA:48,constructor
FNDA:1,payableReserveAdjustment
DA:30,1
LF:1
LH:1
BRF:0
BRH:0
end_of_record
TN:
SF:C:\Users\l3p\Code\kingmaker\protocol\contracts\token\ktoken\KToken.sol
FN:53,constructor
FN:59,invoke
FN:86,payableReserveAdjustment
FN:90,setInvocationState
FN:100,calculatePoolReward
FN:104,calculatePlatformReward
FN:108,calculateExpectedBalance
FN:112,calculateRepaymentAmount
FN:116,poolReward
FN:120,platformReward
FN:124,platformVaultAddress
FN:128,isKToken
FN:133,currentSender
FN:137,currentTokenAddress
FN:141,currentTokenAmount
FN:145,currentRepaymentAmount
FN:151,setPoolReward
FN:155,setPlatformReward
FN:159,setPlatformVaultAddress
FN:163,pause
FN:167,unpause
FNF:21
FNH:16
FNDA:96,constructor
FNDA:13,invoke
FNDA:12,payableReserveAdjustment
FNDA:24,setInvocationState
FNDA:29,calculatePoolReward
FNDA:29,calculatePlatformReward
FNDA:13,calculateExpectedBalance
FNDA:5,calculateRepaymentAmount
FNDA:0,poolReward
FNDA:0,platformReward
FNDA:0,platformVaultAddress
FNDA:0,isKToken
FNDA:13,currentSender
FNDA:39,currentTokenAddress
FNDA:35,currentTokenAmount
FNDA:35,currentRepaymentAmount
FNDA:32,setPoolReward
FNDA:32,setPlatformReward
FNDA:32,setPlatformVaultAddress
FNDA:1,pause
FNDA:0,unpause
DA:60,13
DA:63,13
DA:64,13
DA:67,13
DA:70,13
DA:71,13
DA:74,13
DA:77,11
DA:79,11
DA:80,11
DA:83,11
DA:87,12
DA:95,24
DA:96,24
DA:97,24
DA:101,29
DA:105,29
DA:109,13
DA:113,5
DA:117,0
DA:121,0
DA:125,0
DA:129,0
DA:134,13
DA:138,39
DA:142,35
DA:146,35
DA:152,32
DA:156,32
DA:160,32
DA:164,1
DA:168,0
LF:32
LH:27
BRDA:60,1,0,13
BRDA:60,1,1,0
BRDA:67,2,0,13
BRDA:67,2,1,0
BRDA:74,3,0,11
BRDA:74,3,1,2
BRDA:79,4,0,11
BRDA:79,4,1,0
BRF:8
BRH:5
end_of_record
TN:
SF:C:\Users\l3p\Code\kingmaker\protocol\contracts\token\UnlimitedApprovalERC20.sol
FN:26,transferFrom
FNF:1
FNH:1
FNDA:83,transferFrom
DA:31,83
DA:33,81
DA:34,78
DA:45,80
LF:4
LH:4
BRDA:33,1,0,78
BRDA:33,1,1,3
BRF:2
BRH:2
end_of_record
